sparx_powdet_sbd
----------------------------------------
Via4 cannot contact MiM cap bottom plate (MIM.i)
----------------------------------------
 -22.580um 6.125um -22.560um 6.935um
 -20.790um -0.080um -19.980um -0.060um
 -20.790um -1.820um -19.980um -1.800um
 -21.810um -0.060um -21.750um 6.125um
 -21.810um -0.060um -20.790um 0.750um
 -21.810um -0.080um -20.790um -0.075um
 -21.810um -1.800um -20.790um -0.990um
 -21.810um -1.820um -20.790um -1.815um
 -21.810um -8.015um -21.750um -1.820um
----------------------------------------
MiM cap spacing to unrelated metal6 < 0.6um (MIM.e)
----------------------------------------
 -57.740um 45.060um -47.740um 45.080um
 -57.740um 35.100um -57.720um 45.060um
 -47.760um 35.100um -47.740um 45.060um
 -57.740um 35.080um -47.740um 35.100um
 -46.020um 45.060um -36.020um 45.080um
 -46.020um 35.100um -46.000um 45.060um
 -36.040um 35.100um -36.020um 45.060um
 -46.020um 35.080um -36.020um 35.100um
 -34.300um 45.060um -24.300um 45.080um
 -34.300um 35.100um -34.280um 45.060um
 -24.320um 35.100um -24.300um 45.060um
 -34.300um 35.080um -24.300um 35.100um
 -22.580um 45.060um -12.580um 45.080um
 -22.580um 35.100um -22.560um 45.060um
 -12.600um 35.100um -12.580um 45.060um
 -22.580um 35.080um -12.580um 35.100um
 -10.860um 45.060um -0.860um 45.080um
 -10.860um 35.100um -10.840um 45.060um
 -0.880um 35.100um -0.860um 45.060um
 -10.860um 35.080um -0.860um 35.100um
 0.860um 45.055um 10.860um 45.075um
 0.860um 35.095um 0.880um 45.055um
 10.840um 35.095um 10.860um 45.055um
 0.860um 35.075um 10.860um 35.095um
 12.580um 45.055um 22.580um 45.075um
 12.580um 35.095um 12.600um 45.055um
 22.560um 35.095um 22.580um 45.055um
 12.580um 35.075um 22.580um 35.095um
 24.300um 45.055um 34.300um 45.075um
 24.300um 35.095um 24.320um 45.055um
 34.280um 35.095um 34.300um 45.055um
 24.300um 35.075um 34.300um 35.095um
 36.020um 45.055um 46.020um 45.075um
 36.020um 35.095um 36.040um 45.055um
 46.000um 35.095um 46.020um 45.055um
 36.020um 35.075um 46.020um 35.095um
 47.740um 45.055um 57.740um 45.075um
 47.740um 35.095um 47.760um 45.055um
 57.720um 35.095um 57.740um 45.055um
 47.740um 35.075um 57.740um 35.095um
 -57.740um 33.340um -47.740um 33.360um
 -57.740um 23.380um -57.720um 33.340um
 -47.760um 23.380um -47.740um 33.340um
 -57.740um 23.360um -47.740um 23.380um
 -46.020um 33.340um -36.020um 33.360um
 -46.020um 23.380um -46.000um 33.340um
 -36.040um 23.380um -36.020um 33.340um
 -46.020um 23.360um -36.020um 23.380um
 -34.300um 33.340um -24.300um 33.360um
 -34.300um 23.380um -34.280um 33.340um
 -24.320um 23.380um -24.300um 33.340um
 -34.300um 23.360um -24.300um 23.380um
 -22.580um 33.340um -12.580um 33.360um
 -22.580um 23.380um -22.560um 33.340um
 -12.600um 23.380um -12.580um 33.340um
 -22.580um 23.360um -12.580um 23.380um
 -10.860um 33.340um -0.860um 33.360um
 -10.860um 23.380um -10.840um 33.340um
 -0.880um 23.380um -0.860um 33.340um
 -10.860um 23.360um -0.860um 23.380um
 0.860um 33.335um 10.860um 33.355um
 0.860um 23.375um 0.880um 33.335um
 10.840um 23.375um 10.860um 33.335um
 0.860um 23.355um 10.860um 23.375um
 12.580um 33.335um 22.580um 33.355um
 12.580um 23.375um 12.600um 33.335um
 22.560um 23.375um 22.580um 33.335um
 12.580um 23.355um 22.580um 23.375um
 24.300um 33.335um 34.300um 33.355um
 24.300um 23.375um 24.320um 33.335um
 34.280um 23.375um 34.300um 33.335um
 24.300um 23.355um 34.300um 23.375um
 36.020um 33.335um 46.020um 33.355um
 36.020um 23.375um 36.040um 33.335um
 46.000um 23.375um 46.020um 33.335um
 36.020um 23.355um 46.020um 23.375um
 47.740um 33.335um 57.740um 33.355um
 47.740um 23.375um 47.760um 33.335um
 57.720um 23.375um 57.740um 33.335um
 47.740um 23.355um 57.740um 23.375um
 -57.740um 21.620um -47.740um 21.640um
 -57.740um 11.660um -57.720um 21.620um
 -47.760um 11.660um -47.740um 21.620um
 -57.740um 11.640um -47.740um 11.660um
 -46.020um 21.620um -36.020um 21.640um
 -46.020um 11.660um -46.000um 21.620um
 -36.040um 11.660um -36.020um 21.620um
 -46.020um 11.640um -36.020um 11.660um
 -34.300um 21.620um -24.300um 21.640um
 -34.300um 11.660um -34.280um 21.620um
 -24.320um 11.660um -24.300um 21.620um
 -34.300um 11.640um -24.300um 11.660um
 -22.580um 21.620um -12.580um 21.640um
 -22.580um 11.660um -22.560um 21.620um
 -12.600um 11.660um -12.580um 21.620um
 -22.580um 11.640um -12.580um 11.660um
 -10.860um 21.620um -0.860um 21.640um
 -10.860um 11.660um -10.840um 21.620um
 -0.880um 11.660um -0.860um 21.620um
 -10.860um 11.640um -0.860um 11.660um
 0.860um 21.615um 10.860um 21.635um
 0.860um 11.655um 0.880um 21.615um
 10.840um 11.655um 10.860um 21.615um
 0.860um 11.635um 10.860um 11.655um
 12.580um 21.615um 22.580um 21.635um
 12.580um 11.655um 12.600um 21.615um
 22.560um 11.655um 22.580um 21.615um
 12.580um 11.635um 22.580um 11.655um
 24.300um 21.615um 34.300um 21.635um
 24.300um 11.655um 24.320um 21.615um
 34.280um 11.655um 34.300um 21.615um
 24.300um 11.635um 34.300um 11.655um
 36.020um 21.615um 46.020um 21.635um
 36.020um 11.655um 36.040um 21.615um
 46.000um 11.655um 46.020um 21.615um
 36.020um 11.635um 46.020um 11.655um
 47.740um 21.615um 57.740um 21.635um
 47.740um 11.655um 47.760um 21.615um
 57.720um 11.655um 57.740um 21.615um
 47.740um 11.635um 57.740um 11.655um
 -57.740um 9.900um -47.740um 9.920um
 -57.740um -0.060um -57.720um 9.900um
 -47.760um -0.060um -47.740um 9.900um
 -57.740um -0.080um -47.740um -0.060um
 -46.020um 9.900um -36.020um 9.920um
 -46.020um -0.060um -46.000um 9.900um
 -36.040um -0.060um -36.020um 9.900um
 -46.020um -0.080um -36.020um -0.060um
 -34.300um 9.900um -24.300um 9.920um
 -34.300um -0.060um -34.280um 9.900um
 -24.320um -0.060um -24.300um 9.900um
 -34.300um -0.080um -24.300um -0.060um
 -22.580um 9.900um -12.580um 9.920um
 -22.580um -0.060um -22.560um 9.900um
 -12.600um -0.060um -12.580um 9.900um
 -22.580um -0.080um -12.580um -0.060um
 -10.860um 9.900um -0.860um 9.920um
 -10.860um -0.060um -10.840um 9.900um
 -0.880um -0.060um -0.860um 9.900um
 12.580um 9.895um 22.580um 9.915um
 4.060um 9.265um 10.860um 9.415um
 4.060um 0.565um 4.370um 9.265um
 10.550um 0.565um 10.860um 9.265um
 4.060um 0.415um 10.860um 0.565um
 -10.860um -0.080um -0.860um -0.060um
 12.580um -0.065um 12.600um 9.895um
 22.560um -0.065um 22.580um 9.895um
 12.580um -0.085um 22.580um -0.065um
 24.300um 9.895um 34.300um 9.915um
 24.300um -0.065um 24.320um 9.895um
 34.280um -0.065um 34.300um 9.895um
 24.300um -0.085um 34.300um -0.065um
 36.020um 9.895um 46.020um 9.915um
 36.020um -0.065um 36.040um 9.895um
 46.000um -0.065um 46.020um 9.895um
 36.020um -0.085um 46.020um -0.065um
 47.740um 9.895um 57.740um 9.915um
 47.740um -0.065um 47.760um 9.895um
 57.720um -0.065um 57.740um 9.895um
 47.740um -0.085um 57.740um -0.065um
 -57.740um -1.820um -47.740um -1.800um
 -57.740um -11.780um -57.720um -1.820um
 -47.760um -11.780um -47.740um -1.820um
 -57.740um -11.800um -47.740um -11.780um
 -46.020um -1.820um -36.020um -1.800um
 -46.020um -11.780um -46.000um -1.820um
 -36.040um -11.780um -36.020um -1.820um
 -46.020um -11.800um -36.020um -11.780um
 -34.300um -1.820um -24.300um -1.800um
 -34.300um -11.780um -34.280um -1.820um
 -24.320um -11.780um -24.300um -1.820um
 -34.300um -11.800um -24.300um -11.780um
 -22.580um -1.820um -12.580um -1.800um
 -22.580um -11.780um -22.560um -1.820um
 -12.600um -11.780um -12.580um -1.820um
 -22.580um -11.800um -12.580um -11.780um
 -10.860um -1.820um -0.860um -1.800um
 -10.860um -11.780um -10.840um -1.820um
 -0.880um -11.780um -0.860um -1.820um
 12.580um -1.825um 22.580um -1.805um
 4.060um -2.455um 10.860um -2.305um
 4.060um -11.155um 4.370um -2.455um
 10.550um -11.155um 10.860um -2.455um
 4.060um -11.305um 10.860um -11.155um
 -10.860um -11.800um -0.860um -11.780um
 12.580um -11.785um 12.600um -1.825um
 22.560um -11.785um 22.580um -1.825um
 12.580um -11.805um 22.580um -11.785um
 24.300um -1.825um 34.300um -1.805um
 24.300um -11.785um 24.320um -1.825um
 34.280um -11.785um 34.300um -1.825um
 24.300um -11.805um 34.300um -11.785um
 36.020um -1.825um 46.020um -1.805um
 36.020um -11.785um 36.040um -1.825um
 46.000um -11.785um 46.020um -1.825um
 36.020um -11.805um 46.020um -11.785um
 47.740um -1.825um 57.740um -1.805um
 47.740um -11.785um 47.760um -1.825um
 57.720um -11.785um 57.740um -1.825um
 47.740um -11.805um 57.740um -11.785um
 -57.740um -13.540um -47.740um -13.520um
 -57.740um -23.500um -57.720um -13.540um
 -47.760um -23.500um -47.740um -13.540um
 -57.740um -23.520um -47.740um -23.500um
 -46.020um -13.540um -36.020um -13.520um
 -46.020um -23.500um -46.000um -13.540um
 -36.040um -23.500um -36.020um -13.540um
 -46.020um -23.520um -36.020um -23.500um
 -34.300um -13.540um -24.300um -13.520um
 -34.300um -23.500um -34.280um -13.540um
 -24.320um -23.500um -24.300um -13.540um
 -34.300um -23.520um -24.300um -23.500um
 -22.580um -13.540um -12.580um -13.520um
 -22.580um -23.500um -22.560um -13.540um
 -12.600um -23.500um -12.580um -13.540um
 -22.580um -23.520um -12.580um -23.500um
 -10.860um -13.540um -0.860um -13.520um
 -10.860um -23.500um -10.840um -13.540um
 -0.880um -23.500um -0.860um -13.540um
 -10.860um -23.520um -0.860um -23.500um
 0.860um -13.545um 10.860um -13.525um
 0.860um -23.505um 0.880um -13.545um
 10.840um -23.505um 10.860um -13.545um
 0.860um -23.525um 10.860um -23.505um
 12.580um -13.545um 22.580um -13.525um
 12.580um -23.505um 12.600um -13.545um
 22.560um -23.505um 22.580um -13.545um
 12.580um -23.525um 22.580um -23.505um
 24.300um -13.545um 34.300um -13.525um
 24.300um -23.505um 24.320um -13.545um
 34.280um -23.505um 34.300um -13.545um
 24.300um -23.525um 34.300um -23.505um
 36.020um -13.545um 46.020um -13.525um
 36.020um -23.505um 36.040um -13.545um
 46.000um -23.505um 46.020um -13.545um
 36.020um -23.525um 46.020um -23.505um
 47.740um -13.545um 57.740um -13.525um
 47.740um -23.505um 47.760um -13.545um
 57.720um -23.505um 57.740um -13.545um
 47.740um -23.525um 57.740um -23.505um
 -22.580um -34.745um -12.580um -34.725um
 -22.580um -44.705um -22.560um -34.745um
 -12.600um -44.705um -12.580um -34.745um
 -22.580um -44.725um -12.580um -44.705um
----------------------------------------
[INFO] COUNT: 253
[INFO] Should be divided by 3 or 4

