sparx160_powdet_sbd
----------------------------------------
Metal3 overlap of via3 < 0.045um in one direction (V3.c1 - V3.c)
----------------------------------------
 9.610um -38.620um 9.655um -36.780um
----------------------------------------
Metal1 overlap of P-diffusion contact < 0.05um in one direction (M1.c1)
----------------------------------------
 -3.265um -0.840um -3.120um -0.815um
 -3.265um -0.865um -3.120um -0.840um
 -2.915um -0.840um -2.755um -0.815um
 -2.915um -0.865um -2.755um -0.840um
 -2.555um -0.840um -2.395um -0.815um
 -2.555um -0.865um -2.395um -0.840um
 -2.195um -0.840um -2.035um -0.815um
 -2.195um -0.865um -2.035um -0.840um
 -1.830um -0.840um -1.670um -0.815um
 -1.830um -0.865um -1.670um -0.840um
 -1.470um -0.840um -1.310um -0.815um
 -1.470um -0.865um -1.310um -0.840um
 -1.110um -0.840um -0.950um -0.815um
 -1.110um -0.865um -0.950um -0.840um
 -0.750um -0.840um -0.590um -0.815um
 -0.750um -0.865um -0.590um -0.840um
 -3.265um -1.050um -3.120um -1.025um
 -3.265um -1.075um -3.120um -1.050um
 -2.915um -1.050um -2.755um -1.025um
 -2.915um -1.075um -2.755um -1.050um
 -2.555um -1.050um -2.395um -1.025um
 -2.555um -1.075um -2.395um -1.050um
 -2.195um -1.050um -2.035um -1.025um
 -2.195um -1.075um -2.035um -1.050um
 -1.830um -1.050um -1.670um -1.025um
 -1.830um -1.075um -1.670um -1.050um
 -1.470um -1.050um -1.310um -1.025um
 -1.470um -1.075um -1.310um -1.050um
 -1.110um -1.050um -0.950um -1.025um
 -1.110um -1.075um -0.950um -1.050um
 -0.750um -1.050um -0.590um -1.025um
 -0.750um -1.075um -0.590um -1.050um
----------------------------------------
This layer can't abut or partially overlap between subcells
----------------------------------------
 -8.570um -36.890um -8.410um -36.780um
 -8.570um -38.620um -8.410um -38.515um
 -8.570um -36.890um -8.410um -36.780um
 -8.570um -37.245um -8.410um -37.085um
 -8.570um -37.605um -8.410um -37.445um
 -8.570um -37.960um -8.410um -37.800um
 -8.570um -38.320um -8.410um -38.160um
 -8.570um -38.620um -8.410um -38.515um
 -21.380um 6.075um -21.220um 6.125um
 -21.380um 5.735um -21.220um 5.895um
 -21.380um 5.395um -21.220um 5.555um
 -21.380um 5.055um -21.220um 5.215um
 -21.380um 4.715um -21.220um 4.875um
 -21.380um 4.375um -21.220um 4.535um
 -21.380um 4.035um -21.220um 4.195um
 -21.380um 3.695um -21.220um 3.855um
 -21.380um 3.355um -21.220um 3.515um
 -21.380um 3.015um -21.220um 3.175um
 -21.380um 2.675um -21.220um 2.835um
 -21.380um 2.335um -21.220um 2.495um
 -21.380um 1.995um -21.220um 2.155um
 -21.380um 1.655um -21.220um 1.815um
 -21.380um 1.315um -21.220um 1.475um
 -21.380um 0.975um -21.220um 1.135um
 -21.380um 0.635um -21.220um 0.795um
 -21.380um 0.295um -21.220um 0.455um
 -21.380um -0.045um -21.220um 0.115um
 -21.380um -0.385um -21.220um -0.225um
 -21.380um -0.725um -21.220um -0.565um
 -21.380um -1.325um -21.220um -1.165um
 -21.380um -1.665um -21.220um -1.505um
 -21.380um -2.005um -21.220um -1.845um
 -21.380um -2.345um -21.220um -2.185um
 -21.380um -2.685um -21.220um -2.525um
 -21.380um -3.025um -21.220um -2.865um
 -21.380um -3.365um -21.220um -3.205um
 -21.380um -3.705um -21.220um -3.545um
 -21.380um -4.045um -21.220um -3.885um
 -21.380um -4.385um -21.220um -4.225um
 -21.380um -4.725um -21.220um -4.565um
 -21.380um -5.065um -21.220um -4.905um
 -21.380um -5.405um -21.220um -5.245um
 -21.380um -5.745um -21.220um -5.585um
 -21.380um -6.085um -21.220um -5.925um
 -21.380um -6.425um -21.220um -6.265um
 -21.380um -6.765um -21.220um -6.605um
 -21.380um -7.105um -21.220um -6.945um
 -21.380um -7.445um -21.220um -7.285um
 -21.380um -7.785um -21.220um -7.625um
 -21.380um -8.015um -21.220um -7.965um
 -10.390um -1.025um -10.030um -0.865um
 -10.390um 1.035um -10.030um 1.195um
 -12.290um 1.035um -11.930um 1.195um
 -12.290um -1.025um -11.930um -0.865um
 1.560um -8.015um 1.720um -7.935um
 1.560um 6.045um 1.720um 6.125um
 -5.450um -6.125um -5.290um -5.965um
 -5.085um -6.125um -4.925um -5.965um
 -4.725um -6.125um -4.565um -5.965um
 -4.365um -6.125um -4.205um -5.965um
 -4.000um -6.125um -3.840um -5.965um
 -3.640um -6.125um -3.480um -5.965um
 -3.280um -6.125um -3.120um -5.965um
 -2.915um -6.125um -2.755um -5.965um
 -2.555um -6.125um -2.395um -5.965um
 -2.195um -6.125um -2.035um -5.965um
 -1.830um -6.125um -1.670um -5.965um
 -1.470um -6.125um -1.310um -5.965um
 -1.110um -6.125um -0.950um -5.965um
 -0.750um -6.125um -0.590um -5.965um
 -5.450um -5.105um -5.290um -4.945um
 -5.085um -5.105um -4.925um -4.945um
 -4.725um -5.105um -4.565um -4.945um
 -4.365um -5.105um -4.205um -4.945um
 -4.000um -5.105um -3.840um -4.945um
 -3.640um -5.105um -3.480um -4.945um
 -3.280um -5.105um -3.120um -4.945um
 -2.915um -5.105um -2.755um -4.945um
 -2.555um -5.105um -2.395um -4.945um
 -2.195um -5.105um -2.035um -4.945um
 -1.830um -5.105um -1.670um -4.945um
 -1.470um -5.105um -1.310um -4.945um
 -1.110um -5.105um -0.950um -4.945um
 -0.750um -5.105um -0.590um -4.945um
 -5.450um -4.085um -5.290um -3.925um
 -5.085um -4.085um -4.925um -3.925um
 -4.725um -4.085um -4.565um -3.925um
 -4.365um -4.085um -4.205um -3.925um
 -4.000um -4.085um -3.840um -3.925um
 -3.640um -4.085um -3.480um -3.925um
 -3.280um -4.085um -3.120um -3.925um
 -2.915um -4.085um -2.755um -3.925um
 -2.555um -4.085um -2.395um -3.925um
 -2.195um -4.085um -2.035um -3.925um
 -1.830um -4.085um -1.670um -3.925um
 -1.470um -4.085um -1.310um -3.925um
 -1.110um -4.085um -0.950um -3.925um
 -0.750um -4.085um -0.590um -3.925um
 -5.450um -3.065um -5.290um -2.905um
 -5.085um -3.065um -4.925um -2.905um
 -4.725um -3.065um -4.565um -2.905um
 -4.365um -3.065um -4.205um -2.905um
 -4.000um -3.065um -3.840um -2.905um
 -3.640um -3.065um -3.480um -2.905um
 -3.280um -3.065um -3.120um -2.905um
 -2.915um -3.065um -2.755um -2.905um
 -2.555um -3.065um -2.395um -2.905um
 -2.195um -3.065um -2.035um -2.905um
 -1.830um -3.065um -1.670um -2.905um
 -1.470um -3.065um -1.310um -2.905um
 -1.110um -3.065um -0.950um -2.905um
 -0.750um -3.065um -0.590um -2.905um
 -5.450um -2.045um -5.290um -1.885um
 -5.085um -2.045um -4.925um -1.885um
 -4.725um -2.045um -4.565um -1.885um
 -4.365um -2.045um -4.205um -1.885um
 -4.000um -2.045um -3.840um -1.885um
 -3.640um -2.045um -3.480um -1.885um
 -3.280um -2.045um -3.120um -1.885um
 -2.915um -2.045um -2.755um -1.885um
 -2.555um -2.045um -2.395um -1.885um
 -2.195um -2.045um -2.035um -1.885um
 -1.830um -2.045um -1.670um -1.885um
 -1.470um -2.045um -1.310um -1.885um
 -1.110um -2.045um -0.950um -1.885um
 -0.750um -2.045um -0.590um -1.885um
 -5.450um -1.025um -5.290um -0.865um
 -5.085um -1.025um -4.925um -0.865um
 -4.725um -1.025um -4.565um -0.865um
 -4.365um -1.025um -4.205um -0.865um
 -4.000um -1.025um -3.840um -0.865um
 -3.640um -1.025um -3.480um -0.865um
 -5.450um -0.005um -5.290um 0.155um
 -5.085um -0.005um -4.925um 0.155um
 -4.725um -0.005um -4.565um 0.155um
 -4.365um -0.005um -4.205um 0.155um
 -4.000um -0.005um -3.840um 0.155um
 -3.640um -0.005um -3.480um 0.155um
 -3.280um -0.005um -3.120um 0.155um
 -2.915um -0.005um -2.755um 0.155um
 -2.555um -0.005um -2.395um 0.155um
 -2.195um -0.005um -2.035um 0.155um
 -1.830um -0.005um -1.670um 0.155um
 -1.470um -0.005um -1.310um 0.155um
 -1.110um -0.005um -0.950um 0.155um
 -0.750um -0.005um -0.590um 0.155um
 -5.450um 1.015um -5.290um 1.175um
 -5.085um 1.015um -4.925um 1.175um
 -4.725um 1.015um -4.565um 1.175um
 -4.365um 1.015um -4.205um 1.175um
 -4.000um 1.015um -3.840um 1.175um
 -3.640um 1.015um -3.480um 1.175um
 -3.280um 1.015um -3.120um 1.175um
 -2.915um 1.015um -2.755um 1.175um
 -2.555um 1.015um -2.395um 1.175um
 -2.195um 1.015um -2.035um 1.175um
 -1.830um 1.015um -1.670um 1.175um
 -1.470um 1.015um -1.310um 1.175um
 -1.110um 1.015um -0.950um 1.175um
 -0.750um 1.015um -0.590um 1.175um
 -5.450um 2.035um -5.290um 2.195um
 -5.085um 2.035um -4.925um 2.195um
 -4.725um 2.035um -4.565um 2.195um
 -4.365um 2.035um -4.205um 2.195um
 -4.000um 2.035um -3.840um 2.195um
 -3.640um 2.035um -3.480um 2.195um
 -3.280um 2.035um -3.120um 2.195um
 -2.915um 2.035um -2.755um 2.195um
 -2.555um 2.035um -2.395um 2.195um
 -2.195um 2.035um -2.035um 2.195um
 -1.830um 2.035um -1.670um 2.195um
 -1.470um 2.035um -1.310um 2.195um
 -1.110um 2.035um -0.950um 2.195um
 -0.750um 2.035um -0.590um 2.195um
 -5.450um 3.055um -5.290um 3.215um
 -5.085um 3.055um -4.925um 3.215um
 -4.725um 3.055um -4.565um 3.215um
 -4.365um 3.055um -4.205um 3.215um
 -4.000um 3.055um -3.840um 3.215um
 -3.640um 3.055um -3.480um 3.215um
 -3.280um 3.055um -3.120um 3.215um
 -2.915um 3.055um -2.755um 3.215um
 -2.555um 3.055um -2.395um 3.215um
 -2.195um 3.055um -2.035um 3.215um
 -1.830um 3.055um -1.670um 3.215um
 -1.470um 3.055um -1.310um 3.215um
 -1.110um 3.055um -0.950um 3.215um
 -0.750um 3.055um -0.590um 3.215um
 -5.450um 4.075um -5.290um 4.235um
 -5.085um 4.075um -4.925um 4.235um
 -4.725um 4.075um -4.565um 4.235um
 -4.365um 4.075um -4.205um 4.235um
 -4.000um 4.075um -3.840um 4.235um
 -3.640um 4.075um -3.480um 4.235um
 -3.280um 4.075um -3.120um 4.235um
 -2.915um 4.075um -2.755um 4.235um
 -2.555um 4.075um -2.395um 4.235um
 -2.195um 4.075um -2.035um 4.235um
 -1.830um 4.075um -1.670um 4.235um
 -1.470um 4.075um -1.310um 4.235um
 -1.110um 4.075um -0.950um 4.235um
 -0.750um 4.075um -0.590um 4.235um
 -5.450um -7.145um -5.290um -6.985um
 -5.085um -7.145um -4.925um -6.985um
 -4.725um -7.145um -4.565um -6.985um
 -4.365um -7.145um -4.205um -6.985um
 -4.000um -7.145um -3.840um -6.985um
 -3.640um -7.145um -3.480um -6.985um
 -3.280um -7.145um -3.120um -6.985um
 -2.915um -7.145um -2.755um -6.985um
 -2.555um -7.145um -2.395um -6.985um
 -2.195um -7.145um -2.035um -6.985um
 -1.830um -7.145um -1.670um -6.985um
 -1.470um -7.145um -1.310um -6.985um
 -1.110um -7.145um -0.950um -6.985um
 -0.750um -7.145um -0.590um -6.985um
 -5.450um -6.635um -5.290um -6.475um
 -5.085um -6.635um -4.925um -6.475um
 -4.725um -6.635um -4.565um -6.475um
 -4.365um -6.635um -4.205um -6.475um
 -4.000um -6.635um -3.840um -6.475um
 -3.640um -6.635um -3.480um -6.475um
 -3.280um -6.635um -3.120um -6.475um
 -2.915um -6.635um -2.755um -6.475um
 -2.555um -6.635um -2.395um -6.475um
 -2.195um -6.635um -2.035um -6.475um
 -1.830um -6.635um -1.670um -6.475um
 -1.470um -6.635um -1.310um -6.475um
 -1.110um -6.635um -0.950um -6.475um
 -0.750um -6.635um -0.590um -6.475um
 -5.450um -5.615um -5.290um -5.455um
 -5.085um -5.615um -4.925um -5.455um
 -4.725um -5.615um -4.565um -5.455um
 -4.365um -5.615um -4.205um -5.455um
 -4.000um -5.615um -3.840um -5.455um
 -3.640um -5.615um -3.480um -5.455um
 -3.280um -5.615um -3.120um -5.455um
 -2.915um -5.615um -2.755um -5.455um
 -2.555um -5.615um -2.395um -5.455um
 -2.195um -5.615um -2.035um -5.455um
 -1.830um -5.615um -1.670um -5.455um
 -1.470um -5.615um -1.310um -5.455um
 -1.110um -5.615um -0.950um -5.455um
 -0.750um -5.615um -0.590um -5.455um
 -5.450um -4.595um -5.290um -4.435um
 -5.085um -4.595um -4.925um -4.435um
 -4.725um -4.595um -4.565um -4.435um
 -4.365um -4.595um -4.205um -4.435um
 -4.000um -4.595um -3.840um -4.435um
 -3.640um -4.595um -3.480um -4.435um
 -3.280um -4.595um -3.120um -4.435um
 -2.915um -4.595um -2.755um -4.435um
 -2.555um -4.595um -2.395um -4.435um
 -2.195um -4.595um -2.035um -4.435um
 -1.830um -4.595um -1.670um -4.435um
 -1.470um -4.595um -1.310um -4.435um
 -1.110um -4.595um -0.950um -4.435um
 -0.750um -4.595um -0.590um -4.435um
 -5.450um -3.575um -5.290um -3.415um
 -5.085um -3.575um -4.925um -3.415um
 -4.725um -3.575um -4.565um -3.415um
 -4.365um -3.575um -4.205um -3.415um
 -4.000um -3.575um -3.840um -3.415um
 -3.640um -3.575um -3.480um -3.415um
 -3.280um -3.575um -3.120um -3.415um
 -2.915um -3.575um -2.755um -3.415um
 -2.555um -3.575um -2.395um -3.415um
 -2.195um -3.575um -2.035um -3.415um
 -1.830um -3.575um -1.670um -3.415um
 -1.470um -3.575um -1.310um -3.415um
 -1.110um -3.575um -0.950um -3.415um
 -0.750um -3.575um -0.590um -3.415um
 -5.450um -2.555um -5.290um -2.395um
 -5.085um -2.555um -4.925um -2.395um
 -4.725um -2.555um -4.565um -2.395um
 -4.365um -2.555um -4.205um -2.395um
 -4.000um -2.555um -3.840um -2.395um
 -3.640um -2.555um -3.480um -2.395um
 -3.280um -2.555um -3.120um -2.395um
 -2.915um -2.555um -2.755um -2.395um
 -2.555um -2.555um -2.395um -2.395um
 -2.195um -2.555um -2.035um -2.395um
 -1.830um -2.555um -1.670um -2.395um
 -1.470um -2.555um -1.310um -2.395um
 -1.110um -2.555um -0.950um -2.395um
 -0.750um -2.555um -0.590um -2.395um
 -5.450um -1.535um -5.290um -1.375um
 -5.085um -1.535um -4.925um -1.375um
 -4.725um -1.535um -4.565um -1.375um
 -4.365um -1.535um -4.205um -1.375um
 -4.000um -1.535um -3.840um -1.375um
 -3.640um -1.535um -3.480um -1.375um
 -3.280um -1.535um -3.120um -1.375um
 -2.915um -1.535um -2.755um -1.375um
 -2.555um -1.535um -2.395um -1.375um
 -2.195um -1.535um -2.035um -1.375um
 -1.830um -1.535um -1.670um -1.375um
 -1.470um -1.535um -1.310um -1.375um
 -1.110um -1.535um -0.950um -1.375um
 -0.750um -1.535um -0.590um -1.375um
 -5.450um -0.515um -5.290um -0.355um
 -5.085um -0.515um -4.925um -0.355um
 -4.725um -0.515um -4.565um -0.355um
 -4.365um -0.515um -4.205um -0.355um
 -4.000um -0.515um -3.840um -0.355um
 -3.640um -0.515um -3.480um -0.355um
 -3.280um -0.515um -3.120um -0.355um
 -2.915um -0.515um -2.755um -0.355um
 -2.555um -0.515um -2.395um -0.355um
 -2.195um -0.515um -2.035um -0.355um
 -1.830um -0.515um -1.670um -0.355um
 -1.470um -0.515um -1.310um -0.355um
 -1.110um -0.515um -0.950um -0.355um
 -0.750um -0.515um -0.590um -0.355um
 -5.450um 0.505um -5.290um 0.665um
 -5.085um 0.505um -4.925um 0.665um
 -4.725um 0.505um -4.565um 0.665um
 -4.365um 0.505um -4.205um 0.665um
 -4.000um 0.505um -3.840um 0.665um
 -3.640um 0.505um -3.480um 0.665um
 -3.280um 0.505um -3.120um 0.665um
 -2.915um 0.505um -2.755um 0.665um
 -2.555um 0.505um -2.395um 0.665um
 -2.195um 0.505um -2.035um 0.665um
 -1.830um 0.505um -1.670um 0.665um
 -1.470um 0.505um -1.310um 0.665um
 -1.110um 0.505um -0.950um 0.665um
 -0.750um 0.505um -0.590um 0.665um
 -5.450um 1.525um -5.290um 1.685um
 -5.085um 1.525um -4.925um 1.685um
 -4.725um 1.525um -4.565um 1.685um
 -4.365um 1.525um -4.205um 1.685um
 -4.000um 1.525um -3.840um 1.685um
 -3.640um 1.525um -3.480um 1.685um
 -3.280um 1.525um -3.120um 1.685um
 -2.915um 1.525um -2.755um 1.685um
 -2.555um 1.525um -2.395um 1.685um
 -2.195um 1.525um -2.035um 1.685um
 -1.830um 1.525um -1.670um 1.685um
 -1.470um 1.525um -1.310um 1.685um
 -1.110um 1.525um -0.950um 1.685um
 -0.750um 1.525um -0.590um 1.685um
 -5.450um 2.545um -5.290um 2.705um
 -5.085um 2.545um -4.925um 2.705um
 -4.725um 2.545um -4.565um 2.705um
 -4.365um 2.545um -4.205um 2.705um
 -4.000um 2.545um -3.840um 2.705um
 -3.640um 2.545um -3.480um 2.705um
 -3.280um 2.545um -3.120um 2.705um
 -2.915um 2.545um -2.755um 2.705um
 -2.555um 2.545um -2.395um 2.705um
 -2.195um 2.545um -2.035um 2.705um
 -1.830um 2.545um -1.670um 2.705um
 -1.470um 2.545um -1.310um 2.705um
 -1.110um 2.545um -0.950um 2.705um
 -0.750um 2.545um -0.590um 2.705um
 -5.450um 3.565um -5.290um 3.725um
 -5.085um 3.565um -4.925um 3.725um
 -4.725um 3.565um -4.565um 3.725um
 -4.365um 3.565um -4.205um 3.725um
 -4.000um 3.565um -3.840um 3.725um
 -3.640um 3.565um -3.480um 3.725um
 -3.280um 3.565um -3.120um 3.725um
 -2.915um 3.565um -2.755um 3.725um
 -2.555um 3.565um -2.395um 3.725um
 -2.195um 3.565um -2.035um 3.725um
 -1.830um 3.565um -1.670um 3.725um
 -1.470um 3.565um -1.310um 3.725um
 -1.110um 3.565um -0.950um 3.725um
 -0.750um 3.565um -0.590um 3.725um
 -5.450um 4.585um -5.290um 4.745um
 -5.085um 4.585um -4.925um 4.745um
 -4.725um 4.585um -4.565um 4.745um
 -4.365um 4.585um -4.205um 4.745um
 -4.000um 4.585um -3.840um 4.745um
 -3.640um 4.585um -3.480um 4.745um
 -3.280um 4.585um -3.120um 4.745um
 -2.915um 4.585um -2.755um 4.745um
 -2.555um 4.585um -2.395um 4.745um
 -2.195um 4.585um -2.035um 4.745um
 -1.830um 4.585um -1.670um 4.745um
 -1.470um 4.585um -1.310um 4.745um
 -1.110um 4.585um -0.950um 4.745um
 -0.750um 4.585um -0.590um 4.745um
 -5.450um 5.095um -5.290um 5.255um
 -5.085um 5.095um -4.925um 5.255um
 -4.725um 5.095um -4.565um 5.255um
 -4.365um 5.095um -4.205um 5.255um
 -4.000um 5.095um -3.840um 5.255um
 -3.640um 5.095um -3.480um 5.255um
 -3.280um 5.095um -3.120um 5.255um
 -2.915um 5.095um -2.755um 5.255um
 -2.555um 5.095um -2.395um 5.255um
 -2.195um 5.095um -2.035um 5.255um
 -1.830um 5.095um -1.670um 5.255um
 -1.470um 5.095um -1.310um 5.255um
 -1.110um 5.095um -0.950um 5.255um
 -0.750um 5.095um -0.590um 5.255um
 -7.080um -9.455um -6.920um -9.295um
 -6.740um -9.455um -6.580um -9.295um
 -6.400um -9.455um -6.240um -9.295um
 -7.080um 7.405um -6.920um 7.565um
 -6.740um 7.405um -6.580um 7.565um
 -6.400um 7.405um -6.240um 7.565um
 -21.380um -8.015um -21.220um -7.965um
 -21.380um 6.075um -21.220um 6.125um
 -16.380um -9.145um -16.360um -8.985um
 -15.500um -9.145um -15.360um -8.985um
 -16.380um 7.095um -16.360um 7.255um
 -15.500um 7.095um -15.360um 7.255um
 -19.200um -6.125um -19.040um -5.965um
 -18.830um -6.125um -18.670um -5.965um
 -18.465um -6.125um -18.305um -5.965um
 -18.100um -6.125um -17.940um -5.965um
 -17.730um -6.125um -17.570um -5.965um
 -17.365um -6.125um -17.205um -5.965um
 -17.000um -6.125um -16.840um -5.965um
 -19.200um -5.105um -19.040um -4.945um
 -18.830um -5.105um -18.670um -4.945um
 -18.465um -5.105um -18.305um -4.945um
 -18.100um -5.105um -17.940um -4.945um
 -17.730um -5.105um -17.570um -4.945um
 -17.365um -5.105um -17.205um -4.945um
 -17.000um -5.105um -16.840um -4.945um
 -19.200um -4.085um -19.040um -3.925um
 -18.830um -4.085um -18.670um -3.925um
 -18.465um -4.085um -18.305um -3.925um
 -18.100um -4.085um -17.940um -3.925um
 -17.730um -4.085um -17.570um -3.925um
 -17.365um -4.085um -17.205um -3.925um
 -17.000um -4.085um -16.840um -3.925um
 -19.200um -3.065um -19.040um -2.905um
 -18.830um -3.065um -18.670um -2.905um
 -18.465um -3.065um -18.305um -2.905um
 -18.100um -3.065um -17.940um -2.905um
 -17.730um -3.065um -17.570um -2.905um
 -17.365um -3.065um -17.205um -2.905um
 -17.000um -3.065um -16.840um -2.905um
 -19.200um -2.045um -19.040um -1.885um
 -18.830um -2.045um -18.670um -1.885um
 -18.465um -2.045um -18.305um -1.885um
 -18.100um -2.045um -17.940um -1.885um
 -17.730um -2.045um -17.570um -1.885um
 -17.365um -2.045um -17.205um -1.885um
 -17.000um -2.045um -16.840um -1.885um
 -17.730um -1.025um -17.570um -0.865um
 -17.365um -1.025um -17.205um -0.865um
 -17.000um -1.025um -16.840um -0.865um
 -19.200um -0.005um -19.040um 0.155um
 -18.830um -0.005um -18.670um 0.155um
 -18.465um -0.005um -18.305um 0.155um
 -18.100um -0.005um -17.940um 0.155um
 -17.730um -0.005um -17.570um 0.155um
 -17.365um -0.005um -17.205um 0.155um
 -17.000um -0.005um -16.840um 0.155um
 -19.200um 1.015um -19.040um 1.175um
 -18.830um 1.015um -18.670um 1.175um
 -18.465um 1.015um -18.305um 1.175um
 -18.100um 1.015um -17.940um 1.175um
 -17.730um 1.015um -17.570um 1.175um
 -17.365um 1.015um -17.205um 1.175um
 -17.000um 1.015um -16.840um 1.175um
 -19.200um 2.035um -19.040um 2.195um
 -18.830um 2.035um -18.670um 2.195um
 -18.465um 2.035um -18.305um 2.195um
 -18.100um 2.035um -17.940um 2.195um
 -17.730um 2.035um -17.570um 2.195um
 -17.365um 2.035um -17.205um 2.195um
 -17.000um 2.035um -16.840um 2.195um
 -19.200um 3.055um -19.040um 3.215um
 -18.830um 3.055um -18.670um 3.215um
 -18.465um 3.055um -18.305um 3.215um
 -18.100um 3.055um -17.940um 3.215um
 -17.730um 3.055um -17.570um 3.215um
 -17.365um 3.055um -17.205um 3.215um
 -17.000um 3.055um -16.840um 3.215um
 -19.200um 4.075um -19.040um 4.235um
 -18.830um 4.075um -18.670um 4.235um
 -18.465um 4.075um -18.305um 4.235um
 -18.100um 4.075um -17.940um 4.235um
 -17.730um 4.075um -17.570um 4.235um
 -17.365um 4.075um -17.205um 4.235um
 -17.000um 4.075um -16.840um 4.235um
 -19.200um -7.145um -19.040um -6.985um
 -18.830um -7.145um -18.670um -6.985um
 -18.465um -7.145um -18.305um -6.985um
 -18.100um -7.145um -17.940um -6.985um
 -17.730um -7.145um -17.570um -6.985um
 -17.365um -7.145um -17.205um -6.985um
 -17.000um -7.145um -16.840um -6.985um
 -19.200um -6.635um -19.040um -6.475um
 -18.830um -6.635um -18.670um -6.475um
 -18.465um -6.635um -18.305um -6.475um
 -18.100um -6.635um -17.940um -6.475um
 -17.730um -6.635um -17.570um -6.475um
 -17.365um -6.635um -17.205um -6.475um
 -17.000um -6.635um -16.840um -6.475um
 -19.200um -5.615um -19.040um -5.455um
 -18.830um -5.615um -18.670um -5.455um
 -18.465um -5.615um -18.305um -5.455um
 -18.100um -5.615um -17.940um -5.455um
 -17.730um -5.615um -17.570um -5.455um
 -17.365um -5.615um -17.205um -5.455um
 -17.000um -5.615um -16.840um -5.455um
 -19.200um -4.595um -19.040um -4.435um
 -18.830um -4.595um -18.670um -4.435um
 -18.465um -4.595um -18.305um -4.435um
 -18.100um -4.595um -17.940um -4.435um
 -17.730um -4.595um -17.570um -4.435um
 -17.365um -4.595um -17.205um -4.435um
 -17.000um -4.595um -16.840um -4.435um
 -19.200um -3.575um -19.040um -3.415um
 -18.830um -3.575um -18.670um -3.415um
 -18.465um -3.575um -18.305um -3.415um
 -18.100um -3.575um -17.940um -3.415um
 -17.730um -3.575um -17.570um -3.415um
 -17.365um -3.575um -17.205um -3.415um
 -17.000um -3.575um -16.840um -3.415um
 -19.200um -2.555um -19.040um -2.395um
 -18.830um -2.555um -18.670um -2.395um
 -18.465um -2.555um -18.305um -2.395um
 -18.100um -2.555um -17.940um -2.395um
 -17.730um -2.555um -17.570um -2.395um
 -17.365um -2.555um -17.205um -2.395um
 -17.000um -2.555um -16.840um -2.395um
 -19.200um -1.535um -19.040um -1.375um
 -18.830um -1.535um -18.670um -1.375um
 -18.465um -1.535um -18.305um -1.375um
 -18.100um -1.535um -17.940um -1.375um
 -17.730um -1.535um -17.570um -1.375um
 -17.365um -1.535um -17.205um -1.375um
 -17.000um -1.535um -16.840um -1.375um
 -19.200um -0.515um -19.040um -0.355um
 -18.830um -0.515um -18.670um -0.355um
 -18.465um -0.515um -18.305um -0.355um
 -18.100um -0.515um -17.940um -0.355um
 -17.730um -0.515um -17.570um -0.355um
 -17.365um -0.515um -17.205um -0.355um
 -17.000um -0.515um -16.840um -0.355um
 -19.200um 0.505um -19.040um 0.665um
 -18.830um 0.505um -18.670um 0.665um
 -18.465um 0.505um -18.305um 0.665um
 -18.100um 0.505um -17.940um 0.665um
 -17.730um 0.505um -17.570um 0.665um
 -17.365um 0.505um -17.205um 0.665um
 -17.000um 0.505um -16.840um 0.665um
 -19.200um 1.525um -19.040um 1.685um
 -18.830um 1.525um -18.670um 1.685um
 -18.465um 1.525um -18.305um 1.685um
 -18.100um 1.525um -17.940um 1.685um
 -17.730um 1.525um -17.570um 1.685um
 -17.365um 1.525um -17.205um 1.685um
 -17.000um 1.525um -16.840um 1.685um
 -19.200um 2.545um -19.040um 2.705um
 -18.830um 2.545um -18.670um 2.705um
 -18.465um 2.545um -18.305um 2.705um
 -18.100um 2.545um -17.940um 2.705um
 -17.730um 2.545um -17.570um 2.705um
 -17.365um 2.545um -17.205um 2.705um
 -17.000um 2.545um -16.840um 2.705um
 -19.200um 3.565um -19.040um 3.725um
 -18.830um 3.565um -18.670um 3.725um
 -18.465um 3.565um -18.305um 3.725um
 -18.100um 3.565um -17.940um 3.725um
 -17.730um 3.565um -17.570um 3.725um
 -17.365um 3.565um -17.205um 3.725um
 -17.000um 3.565um -16.840um 3.725um
 -19.200um 4.585um -19.040um 4.745um
 -18.830um 4.585um -18.670um 4.745um
 -18.465um 4.585um -18.305um 4.745um
 -18.100um 4.585um -17.940um 4.745um
 -17.730um 4.585um -17.570um 4.745um
 -17.365um 4.585um -17.205um 4.745um
 -17.000um 4.585um -16.840um 4.745um
 -19.200um 5.095um -19.040um 5.255um
 -18.830um 5.095um -18.670um 5.255um
 -18.465um 5.095um -18.305um 5.255um
 -18.100um 5.095um -17.940um 5.255um
 -17.730um 5.095um -17.570um 5.255um
 -17.365um 5.095um -17.205um 5.255um
 -17.000um 5.095um -16.840um 5.255um
 -16.380um -9.145um -16.360um -8.985um
 -16.180um -9.145um -16.020um -8.985um
 -15.840um -9.145um -15.680um -8.985um
 -15.500um -9.145um -15.360um -8.985um
 -16.380um 7.095um -16.360um 7.255um
 -16.180um 7.095um -16.020um 7.255um
 -15.840um 7.095um -15.680um 7.255um
 -15.500um 7.095um -15.360um 7.255um
 3.070um -30.125um 3.230um -29.765um
 1.560um 6.045um 1.720um 6.125um
 1.560um 5.705um 1.720um 5.865um
 1.560um 5.365um 1.720um 5.525um
 1.560um 5.025um 1.720um 5.185um
 1.560um 4.685um 1.720um 4.845um
 1.560um 4.345um 1.720um 4.505um
 1.560um 4.005um 1.720um 4.165um
 1.560um 3.665um 1.720um 3.825um
 1.560um 3.325um 1.720um 3.485um
 1.560um 2.985um 1.720um 3.145um
 1.560um 2.645um 1.720um 2.805um
 1.560um 2.305um 1.720um 2.465um
 1.560um 1.965um 1.720um 2.125um
 1.560um 1.625um 1.720um 1.785um
 1.560um 1.285um 1.720um 1.445um
 1.560um 0.945um 1.720um 1.105um
 1.560um 0.605um 1.720um 0.765um
 1.560um 0.265um 1.720um 0.425um
 1.560um -0.075um 1.720um 0.085um
 1.560um -0.415um 1.720um -0.255um
 1.560um -0.755um 1.720um -0.595um
 1.560um -1.295um 1.720um -1.135um
 1.560um -1.635um 1.720um -1.475um
 1.560um -1.975um 1.720um -1.815um
 1.560um -2.315um 1.720um -2.155um
 1.560um -2.655um 1.720um -2.495um
 1.560um -2.995um 1.720um -2.835um
 1.560um -3.335um 1.720um -3.175um
 1.560um -3.675um 1.720um -3.515um
 1.560um -4.015um 1.720um -3.855um
 1.560um -4.355um 1.720um -4.195um
 1.560um -4.695um 1.720um -4.535um
 1.560um -5.035um 1.720um -4.875um
 1.560um -5.375um 1.720um -5.215um
 1.560um -5.715um 1.720um -5.555um
 1.560um -6.055um 1.720um -5.895um
 1.560um -6.395um 1.720um -6.235um
 1.560um -6.735um 1.720um -6.575um
 1.560um -7.075um 1.720um -6.915um
 1.560um -7.415um 1.720um -7.255um
 1.560um -7.755um 1.720um -7.595um
 1.560um -8.015um 1.720um -7.935um
----------------------------------------
Can't overlap those layers
----------------------------------------
 -7.830um 7.335um 1.790um 7.635um
 -21.450um 7.025um -14.590um 7.325um
 -21.450um -8.915um -21.150um 7.025um
 -19.270um 4.985um -16.770um 5.325um
 -16.360um 4.985um -15.380um 5.070um
 -19.450um 4.855um -15.380um 4.985um
 -19.270um 4.475um -16.770um 4.855um
 -16.360um 4.770um -15.380um 4.855um
 -16.360um 4.475um -15.380um 4.560um
 -19.450um 4.345um -15.380um 4.475um
 -19.270um 3.965um -16.770um 4.345um
 -16.360um 4.260um -15.380um 4.345um
 -16.360um 3.965um -15.380um 4.050um
 -19.450um 3.835um -15.380um 3.965um
 -19.270um 3.455um -16.770um 3.835um
 -16.360um 3.750um -15.380um 3.835um
 -16.360um 3.455um -15.380um 3.540um
 -19.450um 3.325um -15.380um 3.455um
 -19.270um 2.945um -16.770um 3.325um
 -16.360um 3.240um -15.380um 3.325um
 -16.360um 2.945um -15.380um 3.030um
 -19.450um 2.815um -15.380um 2.945um
 -19.270um 2.435um -16.770um 2.815um
 -16.360um 2.730um -15.380um 2.815um
 -16.360um 2.435um -15.380um 2.520um
 -19.450um 2.305um -15.380um 2.435um
 -19.270um 1.925um -16.770um 2.305um
 -16.360um 2.220um -15.380um 2.305um
 -16.360um 1.925um -15.380um 2.010um
 -19.450um 1.795um -15.380um 1.925um
 -19.270um 1.415um -16.770um 1.795um
 -16.360um 1.710um -15.380um 1.795um
 -16.360um 1.415um -15.380um 1.500um
 -19.450um 1.285um -15.380um 1.415um
 -19.270um 0.905um -16.770um 1.285um
 -16.360um 1.200um -15.380um 1.285um
 -16.360um 0.905um -15.380um 0.990um
 -19.450um 0.775um -15.380um 0.905um
 -19.270um 0.395um -16.770um 0.775um
 -16.360um 0.690um -15.380um 0.775um
 -16.360um 0.395um -15.380um 0.480um
 -19.450um 0.265um -15.380um 0.395um
 -19.270um -0.115um -16.770um 0.265um
 -16.360um 0.180um -15.380um 0.265um
 -16.360um -0.115um -15.380um -0.030um
 -19.450um -0.245um -15.380um -0.115um
 -19.270um -0.625um -16.770um -0.245um
 -16.360um -0.330um -15.380um -0.245um
 -16.360um -0.625um -15.380um -0.540um
 -19.450um -0.755um -15.380um -0.625um
 -19.270um -1.135um -16.770um -0.755um
 -16.360um -0.840um -15.380um -0.755um
 -16.360um -1.135um -15.380um -1.050um
 -19.450um -1.265um -15.380um -1.135um
 -19.270um -1.645um -16.770um -1.265um
 -16.360um -1.350um -15.380um -1.265um
 -16.360um -1.645um -15.380um -1.560um
 -19.450um -1.775um -15.380um -1.645um
 -19.270um -2.155um -16.770um -1.775um
 -16.360um -1.860um -15.380um -1.775um
 -16.360um -2.155um -15.380um -2.070um
 -19.450um -2.285um -15.380um -2.155um
 -19.270um -2.665um -16.770um -2.285um
 -16.360um -2.370um -15.380um -2.285um
 -16.360um -2.665um -15.380um -2.580um
 -19.450um -2.795um -15.380um -2.665um
 -19.270um -3.175um -16.770um -2.795um
 -16.360um -2.880um -15.380um -2.795um
 -16.360um -3.175um -15.380um -3.090um
 -19.450um -3.305um -15.380um -3.175um
 -19.270um -3.685um -16.770um -3.305um
 -16.360um -3.390um -15.380um -3.305um
 -16.360um -3.685um -15.380um -3.600um
 -19.450um -3.815um -15.380um -3.685um
 -19.270um -4.195um -16.770um -3.815um
 -16.360um -3.900um -15.380um -3.815um
 -16.360um -4.195um -15.380um -4.110um
 -19.450um -4.325um -15.380um -4.195um
 -19.270um -4.705um -16.770um -4.325um
 -16.360um -4.410um -15.380um -4.325um
 -16.360um -4.705um -15.380um -4.620um
 -19.450um -4.835um -15.380um -4.705um
 -19.270um -5.215um -16.770um -4.835um
 -16.360um -4.920um -15.380um -4.835um
 -16.360um -5.215um -15.380um -5.130um
 -19.450um -5.345um -15.380um -5.215um
 -19.270um -5.725um -16.770um -5.345um
 -16.360um -5.430um -15.380um -5.345um
 -16.360um -5.725um -15.380um -5.640um
 -19.450um -5.855um -15.380um -5.725um
 -19.270um -6.235um -16.770um -5.855um
 -16.360um -5.940um -15.380um -5.855um
 -16.360um -6.235um -15.380um -6.150um
 -19.450um -6.365um -15.380um -6.235um
 -19.270um -6.745um -16.770um -6.365um
 -16.360um -6.450um -15.380um -6.365um
 -16.360um -6.745um -15.380um -6.660um
 -19.450um -6.875um -15.380um -6.745um
 -19.270um -7.215um -16.770um -6.875um
 -16.360um -6.960um -15.380um -6.875um
 -14.890um -8.915um -14.590um 7.025um
 -12.360um -1.095um -11.860um 1.265um
 -10.460um -1.095um -9.960um 1.265um
 -21.450um -9.215um -14.590um -8.915um
 -7.830um -9.225um -7.530um 7.335um
 -7.060um 4.985um -6.080um 5.070um
 -5.520um 4.985um -0.520um 5.325um
 -7.060um 4.855um -0.340um 4.985um
 -7.060um 4.770um -6.080um 4.855um
 -7.060um 4.475um -6.080um 4.560um
 -5.520um 4.475um -0.520um 4.855um
 -7.060um 4.345um -0.340um 4.475um
 -7.060um 4.260um -6.080um 4.345um
 -7.060um 3.965um -6.080um 4.050um
 -5.520um 3.965um -0.520um 4.345um
 -7.060um 3.835um -0.340um 3.965um
 -7.060um 3.750um -6.080um 3.835um
 -7.060um 3.455um -6.080um 3.540um
 -5.520um 3.455um -0.520um 3.835um
 -7.060um 3.325um -0.340um 3.455um
 -7.060um 3.240um -6.080um 3.325um
 -7.060um 2.945um -6.080um 3.030um
 -5.520um 2.945um -0.520um 3.325um
 -7.060um 2.815um -0.340um 2.945um
 -7.060um 2.730um -6.080um 2.815um
 -7.060um 2.435um -6.080um 2.520um
 -5.520um 2.435um -0.520um 2.815um
 -7.060um 2.305um -0.340um 2.435um
 -7.060um 2.220um -6.080um 2.305um
 -7.060um 1.925um -6.080um 2.010um
 -5.520um 1.925um -0.520um 2.305um
 -7.060um 1.795um -0.340um 1.925um
 -7.060um 1.710um -6.080um 1.795um
 -7.060um 1.415um -6.080um 1.500um
 -5.520um 1.415um -0.520um 1.795um
 -7.060um 1.285um -0.340um 1.415um
 -7.060um 1.200um -6.080um 1.285um
 -7.060um 0.905um -6.080um 0.990um
 -5.520um 0.905um -0.520um 1.285um
 -7.060um 0.775um -0.340um 0.905um
 -7.060um 0.690um -6.080um 0.775um
 -7.060um 0.395um -6.080um 0.480um
 -5.520um 0.395um -0.520um 0.775um
 -7.060um 0.265um -0.340um 0.395um
 -7.060um 0.180um -6.080um 0.265um
 -7.060um -0.115um -6.080um -0.030um
 -5.520um -0.115um -0.520um 0.265um
 -7.060um -0.245um -0.340um -0.115um
 -7.060um -0.330um -6.080um -0.245um
 -7.060um -0.625um -6.080um -0.540um
 -5.520um -0.625um -0.520um -0.245um
 -7.060um -0.755um -0.340um -0.625um
 -7.060um -0.840um -6.080um -0.755um
 -7.060um -1.135um -6.080um -1.050um
 -5.520um -1.135um -0.520um -0.755um
 -7.060um -1.265um -0.340um -1.135um
 -7.060um -1.350um -6.080um -1.265um
 -7.060um -1.645um -6.080um -1.560um
 -5.520um -1.645um -0.520um -1.265um
 -7.060um -1.775um -0.340um -1.645um
 -7.060um -1.860um -6.080um -1.775um
 -7.060um -2.155um -6.080um -2.070um
 -5.520um -2.155um -0.520um -1.775um
 -7.060um -2.285um -0.340um -2.155um
 -7.060um -2.370um -6.080um -2.285um
 -7.060um -2.665um -6.080um -2.580um
 -5.520um -2.665um -0.520um -2.285um
 -7.060um -2.795um -0.340um -2.665um
 -7.060um -2.880um -6.080um -2.795um
 -7.060um -3.175um -6.080um -3.090um
 -5.520um -3.175um -0.520um -2.795um
 -7.060um -3.305um -0.340um -3.175um
 -7.060um -3.390um -6.080um -3.305um
 -7.060um -3.685um -6.080um -3.600um
 -5.520um -3.685um -0.520um -3.305um
 -7.060um -3.815um -0.340um -3.685um
 -7.060um -3.900um -6.080um -3.815um
 -7.060um -4.195um -6.080um -4.110um
 -5.520um -4.195um -0.520um -3.815um
 -7.060um -4.325um -0.340um -4.195um
 -7.060um -4.410um -6.080um -4.325um
 -7.060um -4.705um -6.080um -4.620um
 -5.520um -4.705um -0.520um -4.325um
 -7.060um -4.835um -0.340um -4.705um
 -7.060um -4.920um -6.080um -4.835um
 -7.060um -5.215um -6.080um -5.130um
 -5.520um -5.215um -0.520um -4.835um
 -7.060um -5.345um -0.340um -5.215um
 -7.060um -5.430um -6.080um -5.345um
 -7.060um -5.725um -6.080um -5.640um
 -5.520um -5.725um -0.520um -5.345um
 -7.060um -5.855um -0.340um -5.725um
 -7.060um -5.940um -6.080um -5.855um
 -7.060um -6.235um -6.080um -6.150um
 -5.520um -6.235um -0.520um -5.855um
 -7.060um -6.365um -0.340um -6.235um
 -7.060um -6.450um -6.080um -6.365um
 -7.060um -6.745um -6.080um -6.660um
 -5.520um -6.745um -0.520um -6.365um
 -7.060um -6.875um -0.340um -6.745um
 -7.060um -6.960um -6.080um -6.875um
 -5.520um -7.215um -0.520um -6.875um
 1.490um -9.225um 1.790um 7.335um
 -7.830um -9.525um 1.790um -9.225um
 0.440um -30.195um 3.300um -29.695um
 -20.480um -34.850um -14.680um -34.550um
 -20.480um -40.550um -20.180um -34.850um
 -18.730um -38.870um -16.430um -36.170um
 -14.980um -40.550um -14.680um -34.850um
 -20.480um -40.850um -14.680um -40.550um
 -14.140um -34.850um -8.340um -34.550um
 -14.140um -40.550um -13.840um -34.850um
 -12.390um -38.870um -10.090um -36.170um
 -8.640um -40.550um -8.340um -34.850um
 -14.140um -40.850um -8.340um -40.550um
 -16.970um -45.500um -16.470um -42.300um
 -12.350um -45.500um -11.850um -42.300um
 -7.080um 7.405um -6.920um 7.565um
 -6.740um 7.405um -6.580um 7.565um
 -6.400um 7.405um -6.240um 7.565um
 -16.380um 7.095um -16.360um 7.255um
 -16.180um 7.095um -16.020um 7.255um
 -15.840um 7.095um -15.680um 7.255um
 -15.500um 7.095um -15.360um 7.255um
 -21.380um 6.075um -21.220um 6.125um
 -21.380um 5.735um -21.220um 5.895um
 -21.380um 5.395um -21.220um 5.555um
 -21.380um 5.055um -21.220um 5.215um
 -21.380um 4.715um -21.220um 4.875um
 -21.380um 4.375um -21.220um 4.535um
 -21.380um 4.035um -21.220um 4.195um
 -21.380um 3.695um -21.220um 3.855um
 -21.380um 3.355um -21.220um 3.515um
 -21.380um 3.015um -21.220um 3.175um
 -21.380um 2.675um -21.220um 2.835um
 -21.380um 2.335um -21.220um 2.495um
 -21.380um 1.995um -21.220um 2.155um
 -21.380um 1.655um -21.220um 1.815um
 -21.380um 1.315um -21.220um 1.475um
 -21.380um 0.975um -21.220um 1.135um
 -21.380um 0.635um -21.220um 0.795um
 -21.380um 0.295um -21.220um 0.455um
 -21.380um -0.045um -21.220um 0.115um
 -21.380um -0.385um -21.220um -0.225um
 -21.380um -0.725um -21.220um -0.565um
 -21.380um -1.325um -21.220um -1.165um
 -21.380um -1.665um -21.220um -1.505um
 -21.380um -2.005um -21.220um -1.845um
 -21.380um -2.345um -21.220um -2.185um
 -21.380um -2.685um -21.220um -2.525um
 -21.380um -3.025um -21.220um -2.865um
 -21.380um -3.365um -21.220um -3.205um
 -21.380um -3.705um -21.220um -3.545um
 -21.380um -4.045um -21.220um -3.885um
 -21.380um -4.385um -21.220um -4.225um
 -21.380um -4.725um -21.220um -4.565um
 -21.380um -5.065um -21.220um -4.905um
 -21.380um -5.405um -21.220um -5.245um
 -21.380um -5.745um -21.220um -5.585um
 -21.380um -6.085um -21.220um -5.925um
 -21.380um -6.425um -21.220um -6.265um
 -21.380um -6.765um -21.220um -6.605um
 -21.380um -7.105um -21.220um -6.945um
 -21.380um -7.445um -21.220um -7.285um
 -21.380um -7.785um -21.220um -7.625um
 -21.380um -8.015um -21.220um -7.965um
 -19.200um 5.095um -19.040um 5.255um
 -18.830um 5.095um -18.670um 5.255um
 -18.465um 5.095um -18.305um 5.255um
 -18.100um 5.095um -17.940um 5.255um
 -17.730um 5.095um -17.570um 5.255um
 -17.365um 5.095um -17.205um 5.255um
 -17.000um 5.095um -16.840um 5.255um
 -16.290um 4.840um -16.130um 5.000um
 -15.950um 4.840um -15.790um 5.000um
 -15.610um 4.840um -15.450um 5.000um
 -19.200um 4.585um -19.040um 4.745um
 -18.830um 4.585um -18.670um 4.745um
 -18.465um 4.585um -18.305um 4.745um
 -18.100um 4.585um -17.940um 4.745um
 -17.730um 4.585um -17.570um 4.745um
 -17.365um 4.585um -17.205um 4.745um
 -17.000um 4.585um -16.840um 4.745um
 -16.290um 4.330um -16.130um 4.490um
 -15.950um 4.330um -15.790um 4.490um
 -15.610um 4.330um -15.450um 4.490um
 -19.200um 4.075um -19.040um 4.235um
 -18.830um 4.075um -18.670um 4.235um
 -18.465um 4.075um -18.305um 4.235um
 -18.100um 4.075um -17.940um 4.235um
 -17.730um 4.075um -17.570um 4.235um
 -17.365um 4.075um -17.205um 4.235um
 -17.000um 4.075um -16.840um 4.235um
 -16.290um 3.820um -16.130um 3.980um
 -15.950um 3.820um -15.790um 3.980um
 -15.610um 3.820um -15.450um 3.980um
 -19.200um 3.565um -19.040um 3.725um
 -18.830um 3.565um -18.670um 3.725um
 -18.465um 3.565um -18.305um 3.725um
 -18.100um 3.565um -17.940um 3.725um
 -17.730um 3.565um -17.570um 3.725um
 -17.365um 3.565um -17.205um 3.725um
 -17.000um 3.565um -16.840um 3.725um
 -16.290um 3.310um -16.130um 3.470um
 -15.950um 3.310um -15.790um 3.470um
 -15.610um 3.310um -15.450um 3.470um
 -19.200um 3.055um -19.040um 3.215um
 -18.830um 3.055um -18.670um 3.215um
 -18.465um 3.055um -18.305um 3.215um
 -18.100um 3.055um -17.940um 3.215um
 -17.730um 3.055um -17.570um 3.215um
 -17.365um 3.055um -17.205um 3.215um
 -17.000um 3.055um -16.840um 3.215um
 -16.290um 2.800um -16.130um 2.960um
 -15.950um 2.800um -15.790um 2.960um
 -15.610um 2.800um -15.450um 2.960um
 -19.200um 2.545um -19.040um 2.705um
 -18.830um 2.545um -18.670um 2.705um
 -18.465um 2.545um -18.305um 2.705um
 -18.100um 2.545um -17.940um 2.705um
 -17.730um 2.545um -17.570um 2.705um
 -17.365um 2.545um -17.205um 2.705um
 -17.000um 2.545um -16.840um 2.705um
 -16.290um 2.290um -16.130um 2.450um
 -15.950um 2.290um -15.790um 2.450um
 -15.610um 2.290um -15.450um 2.450um
 -19.200um 2.035um -19.040um 2.195um
 -18.830um 2.035um -18.670um 2.195um
 -18.465um 2.035um -18.305um 2.195um
 -18.100um 2.035um -17.940um 2.195um
 -17.730um 2.035um -17.570um 2.195um
 -17.365um 2.035um -17.205um 2.195um
 -17.000um 2.035um -16.840um 2.195um
 -16.290um 1.780um -16.130um 1.940um
 -15.950um 1.780um -15.790um 1.940um
 -15.610um 1.780um -15.450um 1.940um
 -19.200um 1.525um -19.040um 1.685um
 -18.830um 1.525um -18.670um 1.685um
 -18.465um 1.525um -18.305um 1.685um
 -18.100um 1.525um -17.940um 1.685um
 -17.730um 1.525um -17.570um 1.685um
 -17.365um 1.525um -17.205um 1.685um
 -17.000um 1.525um -16.840um 1.685um
 -16.290um 1.270um -16.130um 1.430um
 -15.950um 1.270um -15.790um 1.430um
 -15.610um 1.270um -15.450um 1.430um
 -5.450um 5.095um -5.290um 5.255um
 -5.085um 5.095um -4.925um 5.255um
 -4.725um 5.095um -4.565um 5.255um
 -4.365um 5.095um -4.205um 5.255um
 -4.000um 5.095um -3.840um 5.255um
 -3.640um 5.095um -3.480um 5.255um
 -3.280um 5.095um -3.120um 5.255um
 -2.915um 5.095um -2.755um 5.255um
 -2.555um 5.095um -2.395um 5.255um
 -2.195um 5.095um -2.035um 5.255um
 -1.830um 5.095um -1.670um 5.255um
 -1.470um 5.095um -1.310um 5.255um
 -1.110um 5.095um -0.950um 5.255um
 -0.750um 5.095um -0.590um 5.255um
 -6.990um 4.840um -6.830um 5.000um
 -6.650um 4.840um -6.490um 5.000um
 -6.310um 4.840um -6.150um 5.000um
 -5.450um 4.585um -5.290um 4.745um
 -5.085um 4.585um -4.925um 4.745um
 -4.725um 4.585um -4.565um 4.745um
 -4.365um 4.585um -4.205um 4.745um
 -4.000um 4.585um -3.840um 4.745um
 -3.640um 4.585um -3.480um 4.745um
 -3.280um 4.585um -3.120um 4.745um
 -2.915um 4.585um -2.755um 4.745um
 -2.555um 4.585um -2.395um 4.745um
 -2.195um 4.585um -2.035um 4.745um
 -1.830um 4.585um -1.670um 4.745um
 -1.470um 4.585um -1.310um 4.745um
 -1.110um 4.585um -0.950um 4.745um
 -0.750um 4.585um -0.590um 4.745um
 -6.990um 4.330um -6.830um 4.490um
 -6.650um 4.330um -6.490um 4.490um
 -6.310um 4.330um -6.150um 4.490um
 -5.450um 4.075um -5.290um 4.235um
 -5.085um 4.075um -4.925um 4.235um
 -4.725um 4.075um -4.565um 4.235um
 -4.365um 4.075um -4.205um 4.235um
 -4.000um 4.075um -3.840um 4.235um
 -3.640um 4.075um -3.480um 4.235um
 -3.280um 4.075um -3.120um 4.235um
 -2.915um 4.075um -2.755um 4.235um
 -2.555um 4.075um -2.395um 4.235um
 -2.195um 4.075um -2.035um 4.235um
 -1.830um 4.075um -1.670um 4.235um
 -1.470um 4.075um -1.310um 4.235um
 -1.110um 4.075um -0.950um 4.235um
 -0.750um 4.075um -0.590um 4.235um
 -6.990um 3.820um -6.830um 3.980um
 -6.650um 3.820um -6.490um 3.980um
 -6.310um 3.820um -6.150um 3.980um
 -5.450um 3.565um -5.290um 3.725um
 -5.085um 3.565um -4.925um 3.725um
 -4.725um 3.565um -4.565um 3.725um
 -4.365um 3.565um -4.205um 3.725um
 -4.000um 3.565um -3.840um 3.725um
 -3.640um 3.565um -3.480um 3.725um
 -3.280um 3.565um -3.120um 3.725um
 -2.915um 3.565um -2.755um 3.725um
 -2.555um 3.565um -2.395um 3.725um
 -2.195um 3.565um -2.035um 3.725um
 -1.830um 3.565um -1.670um 3.725um
 -1.470um 3.565um -1.310um 3.725um
 -1.110um 3.565um -0.950um 3.725um
 -0.750um 3.565um -0.590um 3.725um
 -6.990um 3.310um -6.830um 3.470um
 -6.650um 3.310um -6.490um 3.470um
 -6.310um 3.310um -6.150um 3.470um
 -5.450um 3.055um -5.290um 3.215um
 -5.085um 3.055um -4.925um 3.215um
 -4.725um 3.055um -4.565um 3.215um
 -4.365um 3.055um -4.205um 3.215um
 -4.000um 3.055um -3.840um 3.215um
 -3.640um 3.055um -3.480um 3.215um
 -3.280um 3.055um -3.120um 3.215um
 -2.915um 3.055um -2.755um 3.215um
 -2.555um 3.055um -2.395um 3.215um
 -2.195um 3.055um -2.035um 3.215um
 -1.830um 3.055um -1.670um 3.215um
 -1.470um 3.055um -1.310um 3.215um
 -1.110um 3.055um -0.950um 3.215um
 -0.750um 3.055um -0.590um 3.215um
 -6.990um 2.800um -6.830um 2.960um
 -6.650um 2.800um -6.490um 2.960um
 -6.310um 2.800um -6.150um 2.960um
 -5.450um 2.545um -5.290um 2.705um
 -5.085um 2.545um -4.925um 2.705um
 -4.725um 2.545um -4.565um 2.705um
 -4.365um 2.545um -4.205um 2.705um
 -4.000um 2.545um -3.840um 2.705um
 -3.640um 2.545um -3.480um 2.705um
 -3.280um 2.545um -3.120um 2.705um
 -2.915um 2.545um -2.755um 2.705um
 -2.555um 2.545um -2.395um 2.705um
 -2.195um 2.545um -2.035um 2.705um
 -1.830um 2.545um -1.670um 2.705um
 -1.470um 2.545um -1.310um 2.705um
 -1.110um 2.545um -0.950um 2.705um
 -0.750um 2.545um -0.590um 2.705um
 -6.990um 2.290um -6.830um 2.450um
 -6.650um 2.290um -6.490um 2.450um
 -6.310um 2.290um -6.150um 2.450um
 -5.450um 2.035um -5.290um 2.195um
 -5.085um 2.035um -4.925um 2.195um
 -4.725um 2.035um -4.565um 2.195um
 -4.365um 2.035um -4.205um 2.195um
 -4.000um 2.035um -3.840um 2.195um
 -3.640um 2.035um -3.480um 2.195um
 -3.280um 2.035um -3.120um 2.195um
 -2.915um 2.035um -2.755um 2.195um
 -2.555um 2.035um -2.395um 2.195um
 -2.195um 2.035um -2.035um 2.195um
 -1.830um 2.035um -1.670um 2.195um
 -1.470um 2.035um -1.310um 2.195um
 -1.110um 2.035um -0.950um 2.195um
 -0.750um 2.035um -0.590um 2.195um
 -6.990um 1.780um -6.830um 1.940um
 -6.650um 1.780um -6.490um 1.940um
 -6.310um 1.780um -6.150um 1.940um
 -5.450um 1.525um -5.290um 1.685um
 -5.085um 1.525um -4.925um 1.685um
 -4.725um 1.525um -4.565um 1.685um
 -4.365um 1.525um -4.205um 1.685um
 -4.000um 1.525um -3.840um 1.685um
 -3.640um 1.525um -3.480um 1.685um
 -3.280um 1.525um -3.120um 1.685um
 -2.915um 1.525um -2.755um 1.685um
 -2.555um 1.525um -2.395um 1.685um
 -2.195um 1.525um -2.035um 1.685um
 -1.830um 1.525um -1.670um 1.685um
 -1.470um 1.525um -1.310um 1.685um
 -1.110um 1.525um -0.950um 1.685um
 -0.750um 1.525um -0.590um 1.685um
 -19.200um 1.015um -19.040um 1.175um
 -18.830um 1.015um -18.670um 1.175um
 -18.465um 1.015um -18.305um 1.175um
 -18.100um 1.015um -17.940um 1.175um
 -17.730um 1.015um -17.570um 1.175um
 -17.365um 1.015um -17.205um 1.175um
 -17.000um 1.015um -16.840um 1.175um
 -16.290um 0.760um -16.130um 0.920um
 -15.950um 0.760um -15.790um 0.920um
 -15.610um 0.760um -15.450um 0.920um
 -12.290um 1.035um -11.930um 1.195um
 -10.390um 1.035um -10.030um 1.195um
 -6.990um 1.270um -6.830um 1.430um
 -6.650um 1.270um -6.490um 1.430um
 -6.310um 1.270um -6.150um 1.430um
 -5.450um 1.015um -5.290um 1.175um
 -5.085um 1.015um -4.925um 1.175um
 -4.725um 1.015um -4.565um 1.175um
 -4.365um 1.015um -4.205um 1.175um
 -4.000um 1.015um -3.840um 1.175um
 -3.640um 1.015um -3.480um 1.175um
 -3.280um 1.015um -3.120um 1.175um
 -2.915um 1.015um -2.755um 1.175um
 -2.555um 1.015um -2.395um 1.175um
 -2.195um 1.015um -2.035um 1.175um
 -1.830um 1.015um -1.670um 1.175um
 -1.470um 1.015um -1.310um 1.175um
 -1.110um 1.015um -0.950um 1.175um
 -0.750um 1.015um -0.590um 1.175um
 -19.200um 0.505um -19.040um 0.665um
 -18.830um 0.505um -18.670um 0.665um
 -18.465um 0.505um -18.305um 0.665um
 -18.100um 0.505um -17.940um 0.665um
 -17.730um 0.505um -17.570um 0.665um
 -17.365um 0.505um -17.205um 0.665um
 -17.000um 0.505um -16.840um 0.665um
 -16.290um 0.250um -16.130um 0.410um
 -15.950um 0.250um -15.790um 0.410um
 -15.610um 0.250um -15.450um 0.410um
 -19.200um -0.005um -19.040um 0.155um
 -18.830um -0.005um -18.670um 0.155um
 -18.465um -0.005um -18.305um 0.155um
 -18.100um -0.005um -17.940um 0.155um
 -17.730um -0.005um -17.570um 0.155um
 -17.365um -0.005um -17.205um 0.155um
 -17.000um -0.005um -16.840um 0.155um
 -16.290um -0.260um -16.130um -0.100um
 -15.950um -0.260um -15.790um -0.100um
 -15.610um -0.260um -15.450um -0.100um
 -19.200um -0.515um -19.040um -0.355um
 -18.830um -0.515um -18.670um -0.355um
 -18.465um -0.515um -18.305um -0.355um
 -18.100um -0.515um -17.940um -0.355um
 -17.730um -0.515um -17.570um -0.355um
 -17.365um -0.515um -17.205um -0.355um
 -17.000um -0.515um -16.840um -0.355um
 -16.290um -0.770um -16.130um -0.610um
 -15.950um -0.770um -15.790um -0.610um
 -15.610um -0.770um -15.450um -0.610um
 -6.990um 0.760um -6.830um 0.920um
 -6.650um 0.760um -6.490um 0.920um
 -6.310um 0.760um -6.150um 0.920um
 -5.450um 0.505um -5.290um 0.665um
 -5.085um 0.505um -4.925um 0.665um
 -4.725um 0.505um -4.565um 0.665um
 -4.365um 0.505um -4.205um 0.665um
 -4.000um 0.505um -3.840um 0.665um
 -3.640um 0.505um -3.480um 0.665um
 -3.280um 0.505um -3.120um 0.665um
 -2.915um 0.505um -2.755um 0.665um
 -2.555um 0.505um -2.395um 0.665um
 -2.195um 0.505um -2.035um 0.665um
 -1.830um 0.505um -1.670um 0.665um
 -1.470um 0.505um -1.310um 0.665um
 -1.110um 0.505um -0.950um 0.665um
 -0.750um 0.505um -0.590um 0.665um
 -6.990um 0.250um -6.830um 0.410um
 -6.650um 0.250um -6.490um 0.410um
 -6.310um 0.250um -6.150um 0.410um
 -5.450um -0.005um -5.290um 0.155um
 -5.085um -0.005um -4.925um 0.155um
 -4.725um -0.005um -4.565um 0.155um
 -4.365um -0.005um -4.205um 0.155um
 -4.000um -0.005um -3.840um 0.155um
 -3.640um -0.005um -3.480um 0.155um
 -3.280um -0.005um -3.120um 0.155um
 -2.915um -0.005um -2.755um 0.155um
 -2.555um -0.005um -2.395um 0.155um
 -2.195um -0.005um -2.035um 0.155um
 -1.830um -0.005um -1.670um 0.155um
 -1.470um -0.005um -1.310um 0.155um
 -1.110um -0.005um -0.950um 0.155um
 -0.750um -0.005um -0.590um 0.155um
 -6.990um -0.260um -6.830um -0.100um
 -6.650um -0.260um -6.490um -0.100um
 -6.310um -0.260um -6.150um -0.100um
 -5.450um -0.515um -5.290um -0.355um
 -5.085um -0.515um -4.925um -0.355um
 -4.725um -0.515um -4.565um -0.355um
 -4.365um -0.515um -4.205um -0.355um
 -4.000um -0.515um -3.840um -0.355um
 -3.640um -0.515um -3.480um -0.355um
 -3.280um -0.515um -3.120um -0.355um
 -2.915um -0.515um -2.755um -0.355um
 -2.555um -0.515um -2.395um -0.355um
 -2.195um -0.515um -2.035um -0.355um
 -1.830um -0.515um -1.670um -0.355um
 -1.470um -0.515um -1.310um -0.355um
 -1.110um -0.515um -0.950um -0.355um
 -0.750um -0.515um -0.590um -0.355um
 -17.730um -1.025um -17.570um -0.865um
 -17.365um -1.025um -17.205um -0.865um
 -17.000um -1.025um -16.840um -0.865um
 -16.290um -1.280um -16.130um -1.120um
 -15.950um -1.280um -15.790um -1.120um
 -15.610um -1.280um -15.450um -1.120um
 -12.290um -1.025um -11.930um -0.865um
 -10.390um -1.025um -10.030um -0.865um
 -6.990um -0.770um -6.830um -0.610um
 -6.650um -0.770um -6.490um -0.610um
 -6.310um -0.770um -6.150um -0.610um
 -5.450um -1.025um -5.290um -0.865um
 -5.085um -1.025um -4.925um -0.865um
 -4.725um -1.025um -4.565um -0.865um
 -4.365um -1.025um -4.205um -0.865um
 -4.000um -1.025um -3.840um -0.865um
 -3.640um -1.025um -3.480um -0.865um
 -19.200um -1.535um -19.040um -1.375um
 -18.830um -1.535um -18.670um -1.375um
 -18.465um -1.535um -18.305um -1.375um
 -18.100um -1.535um -17.940um -1.375um
 -17.730um -1.535um -17.570um -1.375um
 -17.365um -1.535um -17.205um -1.375um
 -17.000um -1.535um -16.840um -1.375um
 -16.290um -1.790um -16.130um -1.630um
 -15.950um -1.790um -15.790um -1.630um
 -15.610um -1.790um -15.450um -1.630um
 -19.200um -2.045um -19.040um -1.885um
 -18.830um -2.045um -18.670um -1.885um
 -18.465um -2.045um -18.305um -1.885um
 -18.100um -2.045um -17.940um -1.885um
 -17.730um -2.045um -17.570um -1.885um
 -17.365um -2.045um -17.205um -1.885um
 -17.000um -2.045um -16.840um -1.885um
 -16.290um -2.300um -16.130um -2.140um
 -15.950um -2.300um -15.790um -2.140um
 -15.610um -2.300um -15.450um -2.140um
 -19.200um -2.555um -19.040um -2.395um
 -18.830um -2.555um -18.670um -2.395um
 -18.465um -2.555um -18.305um -2.395um
 -18.100um -2.555um -17.940um -2.395um
 -17.730um -2.555um -17.570um -2.395um
 -17.365um -2.555um -17.205um -2.395um
 -17.000um -2.555um -16.840um -2.395um
 -16.290um -2.810um -16.130um -2.650um
 -15.950um -2.810um -15.790um -2.650um
 -15.610um -2.810um -15.450um -2.650um
 -19.200um -3.065um -19.040um -2.905um
 -18.830um -3.065um -18.670um -2.905um
 -18.465um -3.065um -18.305um -2.905um
 -18.100um -3.065um -17.940um -2.905um
 -17.730um -3.065um -17.570um -2.905um
 -17.365um -3.065um -17.205um -2.905um
 -17.000um -3.065um -16.840um -2.905um
 -16.290um -3.320um -16.130um -3.160um
 -15.950um -3.320um -15.790um -3.160um
 -15.610um -3.320um -15.450um -3.160um
 -19.200um -3.575um -19.040um -3.415um
 -18.830um -3.575um -18.670um -3.415um
 -18.465um -3.575um -18.305um -3.415um
 -18.100um -3.575um -17.940um -3.415um
 -17.730um -3.575um -17.570um -3.415um
 -17.365um -3.575um -17.205um -3.415um
 -17.000um -3.575um -16.840um -3.415um
 -16.290um -3.830um -16.130um -3.670um
 -15.950um -3.830um -15.790um -3.670um
 -15.610um -3.830um -15.450um -3.670um
 -19.200um -4.085um -19.040um -3.925um
 -18.830um -4.085um -18.670um -3.925um
 -18.465um -4.085um -18.305um -3.925um
 -18.100um -4.085um -17.940um -3.925um
 -17.730um -4.085um -17.570um -3.925um
 -17.365um -4.085um -17.205um -3.925um
 -17.000um -4.085um -16.840um -3.925um
 -16.290um -4.340um -16.130um -4.180um
 -15.950um -4.340um -15.790um -4.180um
 -15.610um -4.340um -15.450um -4.180um
 -19.200um -4.595um -19.040um -4.435um
 -18.830um -4.595um -18.670um -4.435um
 -18.465um -4.595um -18.305um -4.435um
 -18.100um -4.595um -17.940um -4.435um
 -17.730um -4.595um -17.570um -4.435um
 -17.365um -4.595um -17.205um -4.435um
 -17.000um -4.595um -16.840um -4.435um
 -16.290um -4.850um -16.130um -4.690um
 -15.950um -4.850um -15.790um -4.690um
 -15.610um -4.850um -15.450um -4.690um
 -19.200um -5.105um -19.040um -4.945um
 -18.830um -5.105um -18.670um -4.945um
 -18.465um -5.105um -18.305um -4.945um
 -18.100um -5.105um -17.940um -4.945um
 -17.730um -5.105um -17.570um -4.945um
 -17.365um -5.105um -17.205um -4.945um
 -17.000um -5.105um -16.840um -4.945um
 -16.290um -5.360um -16.130um -5.200um
 -15.950um -5.360um -15.790um -5.200um
 -15.610um -5.360um -15.450um -5.200um
 -19.200um -5.615um -19.040um -5.455um
 -18.830um -5.615um -18.670um -5.455um
 -18.465um -5.615um -18.305um -5.455um
 -18.100um -5.615um -17.940um -5.455um
 -17.730um -5.615um -17.570um -5.455um
 -17.365um -5.615um -17.205um -5.455um
 -17.000um -5.615um -16.840um -5.455um
 -16.290um -5.870um -16.130um -5.710um
 -15.950um -5.870um -15.790um -5.710um
 -15.610um -5.870um -15.450um -5.710um
 -19.200um -6.125um -19.040um -5.965um
 -18.830um -6.125um -18.670um -5.965um
 -18.465um -6.125um -18.305um -5.965um
 -18.100um -6.125um -17.940um -5.965um
 -17.730um -6.125um -17.570um -5.965um
 -17.365um -6.125um -17.205um -5.965um
 -17.000um -6.125um -16.840um -5.965um
 -16.290um -6.380um -16.130um -6.220um
 -15.950um -6.380um -15.790um -6.220um
 -15.610um -6.380um -15.450um -6.220um
 -19.200um -6.635um -19.040um -6.475um
 -18.830um -6.635um -18.670um -6.475um
 -18.465um -6.635um -18.305um -6.475um
 -18.100um -6.635um -17.940um -6.475um
 -17.730um -6.635um -17.570um -6.475um
 -17.365um -6.635um -17.205um -6.475um
 -17.000um -6.635um -16.840um -6.475um
 -16.290um -6.890um -16.130um -6.730um
 -15.950um -6.890um -15.790um -6.730um
 -15.610um -6.890um -15.450um -6.730um
 -19.200um -7.145um -19.040um -6.985um
 -18.830um -7.145um -18.670um -6.985um
 -18.465um -7.145um -18.305um -6.985um
 -18.100um -7.145um -17.940um -6.985um
 -17.730um -7.145um -17.570um -6.985um
 -17.365um -7.145um -17.205um -6.985um
 -17.000um -7.145um -16.840um -6.985um
 -16.380um -9.145um -16.360um -8.985um
 -16.180um -9.145um -16.020um -8.985um
 -15.840um -9.145um -15.680um -8.985um
 -15.500um -9.145um -15.360um -8.985um
 -6.990um -1.280um -6.830um -1.120um
 -6.650um -1.280um -6.490um -1.120um
 -6.310um -1.280um -6.150um -1.120um
 -5.450um -1.535um -5.290um -1.375um
 -5.085um -1.535um -4.925um -1.375um
 -4.725um -1.535um -4.565um -1.375um
 -4.365um -1.535um -4.205um -1.375um
 -4.000um -1.535um -3.840um -1.375um
 -3.640um -1.535um -3.480um -1.375um
 -3.280um -1.535um -3.120um -1.375um
 -2.915um -1.535um -2.755um -1.375um
 -2.555um -1.535um -2.395um -1.375um
 -2.195um -1.535um -2.035um -1.375um
 -1.830um -1.535um -1.670um -1.375um
 -1.470um -1.535um -1.310um -1.375um
 -1.110um -1.535um -0.950um -1.375um
 -0.750um -1.535um -0.590um -1.375um
 -6.990um -1.790um -6.830um -1.630um
 -6.650um -1.790um -6.490um -1.630um
 -6.310um -1.790um -6.150um -1.630um
 -5.450um -2.045um -5.290um -1.885um
 -5.085um -2.045um -4.925um -1.885um
 -4.725um -2.045um -4.565um -1.885um
 -4.365um -2.045um -4.205um -1.885um
 -4.000um -2.045um -3.840um -1.885um
 -3.640um -2.045um -3.480um -1.885um
 -3.280um -2.045um -3.120um -1.885um
 -2.915um -2.045um -2.755um -1.885um
 -2.555um -2.045um -2.395um -1.885um
 -2.195um -2.045um -2.035um -1.885um
 -1.830um -2.045um -1.670um -1.885um
 -1.470um -2.045um -1.310um -1.885um
 -1.110um -2.045um -0.950um -1.885um
 -0.750um -2.045um -0.590um -1.885um
 -6.990um -2.300um -6.830um -2.140um
 -6.650um -2.300um -6.490um -2.140um
 -6.310um -2.300um -6.150um -2.140um
 -5.450um -2.555um -5.290um -2.395um
 -5.085um -2.555um -4.925um -2.395um
 -4.725um -2.555um -4.565um -2.395um
 -4.365um -2.555um -4.205um -2.395um
 -4.000um -2.555um -3.840um -2.395um
 -3.640um -2.555um -3.480um -2.395um
 -3.280um -2.555um -3.120um -2.395um
 -2.915um -2.555um -2.755um -2.395um
 -2.555um -2.555um -2.395um -2.395um
 -2.195um -2.555um -2.035um -2.395um
 -1.830um -2.555um -1.670um -2.395um
 -1.470um -2.555um -1.310um -2.395um
 -1.110um -2.555um -0.950um -2.395um
 -0.750um -2.555um -0.590um -2.395um
 -6.990um -2.810um -6.830um -2.650um
 -6.650um -2.810um -6.490um -2.650um
 -6.310um -2.810um -6.150um -2.650um
 -5.450um -3.065um -5.290um -2.905um
 -5.085um -3.065um -4.925um -2.905um
 -4.725um -3.065um -4.565um -2.905um
 -4.365um -3.065um -4.205um -2.905um
 -4.000um -3.065um -3.840um -2.905um
 -3.640um -3.065um -3.480um -2.905um
 -3.280um -3.065um -3.120um -2.905um
 -2.915um -3.065um -2.755um -2.905um
 -2.555um -3.065um -2.395um -2.905um
 -2.195um -3.065um -2.035um -2.905um
 -1.830um -3.065um -1.670um -2.905um
 -1.470um -3.065um -1.310um -2.905um
 -1.110um -3.065um -0.950um -2.905um
 -0.750um -3.065um -0.590um -2.905um
 -6.990um -3.320um -6.830um -3.160um
 -6.650um -3.320um -6.490um -3.160um
 -6.310um -3.320um -6.150um -3.160um
 -5.450um -3.575um -5.290um -3.415um
 -5.085um -3.575um -4.925um -3.415um
 -4.725um -3.575um -4.565um -3.415um
 -4.365um -3.575um -4.205um -3.415um
 -4.000um -3.575um -3.840um -3.415um
 -3.640um -3.575um -3.480um -3.415um
 -3.280um -3.575um -3.120um -3.415um
 -2.915um -3.575um -2.755um -3.415um
 -2.555um -3.575um -2.395um -3.415um
 -2.195um -3.575um -2.035um -3.415um
 -1.830um -3.575um -1.670um -3.415um
 -1.470um -3.575um -1.310um -3.415um
 -1.110um -3.575um -0.950um -3.415um
 -0.750um -3.575um -0.590um -3.415um
 -6.990um -3.830um -6.830um -3.670um
 -6.650um -3.830um -6.490um -3.670um
 -6.310um -3.830um -6.150um -3.670um
 -5.450um -4.085um -5.290um -3.925um
 -5.085um -4.085um -4.925um -3.925um
 -4.725um -4.085um -4.565um -3.925um
 -4.365um -4.085um -4.205um -3.925um
 -4.000um -4.085um -3.840um -3.925um
 -3.640um -4.085um -3.480um -3.925um
 -3.280um -4.085um -3.120um -3.925um
 -2.915um -4.085um -2.755um -3.925um
 -2.555um -4.085um -2.395um -3.925um
 -2.195um -4.085um -2.035um -3.925um
 -1.830um -4.085um -1.670um -3.925um
 -1.470um -4.085um -1.310um -3.925um
 -1.110um -4.085um -0.950um -3.925um
 -0.750um -4.085um -0.590um -3.925um
 -6.990um -4.340um -6.830um -4.180um
 -6.650um -4.340um -6.490um -4.180um
 -6.310um -4.340um -6.150um -4.180um
 -5.450um -4.595um -5.290um -4.435um
 -5.085um -4.595um -4.925um -4.435um
 -4.725um -4.595um -4.565um -4.435um
 -4.365um -4.595um -4.205um -4.435um
 -4.000um -4.595um -3.840um -4.435um
 -3.640um -4.595um -3.480um -4.435um
 -3.280um -4.595um -3.120um -4.435um
 -2.915um -4.595um -2.755um -4.435um
 -2.555um -4.595um -2.395um -4.435um
 -2.195um -4.595um -2.035um -4.435um
 -1.830um -4.595um -1.670um -4.435um
 -1.470um -4.595um -1.310um -4.435um
 -1.110um -4.595um -0.950um -4.435um
 -0.750um -4.595um -0.590um -4.435um
 -6.990um -4.850um -6.830um -4.690um
 -6.650um -4.850um -6.490um -4.690um
 -6.310um -4.850um -6.150um -4.690um
 -5.450um -5.105um -5.290um -4.945um
 -5.085um -5.105um -4.925um -4.945um
 -4.725um -5.105um -4.565um -4.945um
 -4.365um -5.105um -4.205um -4.945um
 -4.000um -5.105um -3.840um -4.945um
 -3.640um -5.105um -3.480um -4.945um
 -3.280um -5.105um -3.120um -4.945um
 -2.915um -5.105um -2.755um -4.945um
 -2.555um -5.105um -2.395um -4.945um
 -2.195um -5.105um -2.035um -4.945um
 -1.830um -5.105um -1.670um -4.945um
 -1.470um -5.105um -1.310um -4.945um
 -1.110um -5.105um -0.950um -4.945um
 -0.750um -5.105um -0.590um -4.945um
 -6.990um -5.360um -6.830um -5.200um
 -6.650um -5.360um -6.490um -5.200um
 -6.310um -5.360um -6.150um -5.200um
 -5.450um -5.615um -5.290um -5.455um
 -5.085um -5.615um -4.925um -5.455um
 -4.725um -5.615um -4.565um -5.455um
 -4.365um -5.615um -4.205um -5.455um
 -4.000um -5.615um -3.840um -5.455um
 -3.640um -5.615um -3.480um -5.455um
 -3.280um -5.615um -3.120um -5.455um
 -2.915um -5.615um -2.755um -5.455um
 -2.555um -5.615um -2.395um -5.455um
 -2.195um -5.615um -2.035um -5.455um
 -1.830um -5.615um -1.670um -5.455um
 -1.470um -5.615um -1.310um -5.455um
 -1.110um -5.615um -0.950um -5.455um
 -0.750um -5.615um -0.590um -5.455um
 -6.990um -5.870um -6.830um -5.710um
 -6.650um -5.870um -6.490um -5.710um
 -6.310um -5.870um -6.150um -5.710um
 -5.450um -6.125um -5.290um -5.965um
 -5.085um -6.125um -4.925um -5.965um
 -4.725um -6.125um -4.565um -5.965um
 -4.365um -6.125um -4.205um -5.965um
 -4.000um -6.125um -3.840um -5.965um
 -3.640um -6.125um -3.480um -5.965um
 -3.280um -6.125um -3.120um -5.965um
 -2.915um -6.125um -2.755um -5.965um
 -2.555um -6.125um -2.395um -5.965um
 -2.195um -6.125um -2.035um -5.965um
 -1.830um -6.125um -1.670um -5.965um
 -1.470um -6.125um -1.310um -5.965um
 -1.110um -6.125um -0.950um -5.965um
 -0.750um -6.125um -0.590um -5.965um
 -6.990um -6.380um -6.830um -6.220um
 -6.650um -6.380um -6.490um -6.220um
 -6.310um -6.380um -6.150um -6.220um
 -5.450um -6.635um -5.290um -6.475um
 -5.085um -6.635um -4.925um -6.475um
 -4.725um -6.635um -4.565um -6.475um
 -4.365um -6.635um -4.205um -6.475um
 -4.000um -6.635um -3.840um -6.475um
 -3.640um -6.635um -3.480um -6.475um
 -3.280um -6.635um -3.120um -6.475um
 -2.915um -6.635um -2.755um -6.475um
 -2.555um -6.635um -2.395um -6.475um
 -2.195um -6.635um -2.035um -6.475um
 -1.830um -6.635um -1.670um -6.475um
 -1.470um -6.635um -1.310um -6.475um
 -1.110um -6.635um -0.950um -6.475um
 -0.750um -6.635um -0.590um -6.475um
 -6.990um -6.890um -6.830um -6.730um
 -6.650um -6.890um -6.490um -6.730um
 -6.310um -6.890um -6.150um -6.730um
 -5.450um -7.145um -5.290um -6.985um
 -5.085um -7.145um -4.925um -6.985um
 -4.725um -7.145um -4.565um -6.985um
 -4.365um -7.145um -4.205um -6.985um
 -4.000um -7.145um -3.840um -6.985um
 -3.640um -7.145um -3.480um -6.985um
 -3.280um -7.145um -3.120um -6.985um
 -2.915um -7.145um -2.755um -6.985um
 -2.555um -7.145um -2.395um -6.985um
 -2.195um -7.145um -2.035um -6.985um
 -1.830um -7.145um -1.670um -6.985um
 -1.470um -7.145um -1.310um -6.985um
 -1.110um -7.145um -0.950um -6.985um
 -0.750um -7.145um -0.590um -6.985um
 1.560um 6.045um 1.720um 6.125um
 1.560um 5.705um 1.720um 5.865um
 1.560um 5.365um 1.720um 5.525um
 1.560um 5.025um 1.720um 5.185um
 1.560um 4.685um 1.720um 4.845um
 1.560um 4.345um 1.720um 4.505um
 1.560um 4.005um 1.720um 4.165um
 1.560um 3.665um 1.720um 3.825um
 1.560um 3.325um 1.720um 3.485um
 1.560um 2.985um 1.720um 3.145um
 1.560um 2.645um 1.720um 2.805um
 1.560um 2.305um 1.720um 2.465um
 1.560um 1.965um 1.720um 2.125um
 1.560um 1.625um 1.720um 1.785um
 1.560um 1.285um 1.720um 1.445um
 1.560um 0.945um 1.720um 1.105um
 1.560um 0.605um 1.720um 0.765um
 1.560um 0.265um 1.720um 0.425um
 1.560um -0.075um 1.720um 0.085um
 1.560um -0.415um 1.720um -0.255um
 1.560um -0.755um 1.720um -0.595um
 1.560um -1.295um 1.720um -1.135um
 1.560um -1.635um 1.720um -1.475um
 1.560um -1.975um 1.720um -1.815um
 1.560um -2.315um 1.720um -2.155um
 1.560um -2.655um 1.720um -2.495um
 1.560um -2.995um 1.720um -2.835um
 1.560um -3.335um 1.720um -3.175um
 1.560um -3.675um 1.720um -3.515um
 1.560um -4.015um 1.720um -3.855um
 1.560um -4.355um 1.720um -4.195um
 1.560um -4.695um 1.720um -4.535um
 1.560um -5.035um 1.720um -4.875um
 1.560um -5.375um 1.720um -5.215um
 1.560um -5.715um 1.720um -5.555um
 1.560um -6.055um 1.720um -5.895um
 1.560um -6.395um 1.720um -6.235um
 1.560um -6.735um 1.720um -6.575um
 1.560um -7.075um 1.720um -6.915um
 1.560um -7.415um 1.720um -7.255um
 1.560um -7.755um 1.720um -7.595um
 1.560um -8.015um 1.720um -7.935um
 -7.080um -9.455um -6.920um -9.295um
 -6.740um -9.455um -6.580um -9.295um
 -6.400um -9.455um -6.240um -9.295um
 3.070um -30.125um 3.230um -29.765um
 -17.730um -37.195um -17.430um -37.020um
 -17.730um -37.620um -17.430um -37.420um
 -17.730um -38.020um -17.430um -37.845um
 -11.390um -37.195um -11.090um -37.020um
 -11.390um -37.620um -11.090um -37.420um
 -11.390um -38.020um -11.090um -37.845um
 -8.570um -36.890um -8.410um -36.780um
 -8.570um -37.245um -8.410um -37.085um
 -8.570um -37.605um -8.410um -37.445um
 -8.570um -37.960um -8.410um -37.800um
 -8.570um -38.320um -8.410um -38.160um
 -8.570um -38.620um -8.410um -38.515um
 -21.810um -8.015um -20.790um 6.125um
 -16.380um 4.310um -15.360um 4.510um
 -7.080um 4.310um -6.060um 4.510um
 -19.350um 4.055um -16.690um 4.255um
 -5.580um 4.055um -0.460um 4.255um
 -16.380um 3.800um -15.360um 4.000um
 -7.080um 3.800um -6.060um 4.000um
 -16.380um 3.290um -15.360um 3.490um
 -7.080um 3.290um -6.060um 3.490um
 -19.350um 3.035um -16.690um 3.235um
 -5.580um 3.035um -0.460um 3.235um
 -16.380um 2.780um -15.360um 2.980um
 -7.080um 2.780um -6.060um 2.980um
 -16.380um 2.270um -15.360um 2.470um
 -7.080um 2.270um -6.060um 2.470um
 -19.350um 2.015um -16.690um 2.215um
 -5.580um 2.015um -0.460um 2.215um
 -16.380um 1.760um -15.360um 1.960um
 -7.080um 1.760um -6.060um 1.960um
 -16.380um 1.250um -15.360um 1.450um
 -19.350um 0.995um -16.690um 1.195um
 -16.380um 0.740um -15.360um 0.940um
 -16.380um 0.230um -15.360um 0.430um
 -19.350um -0.025um -16.690um 0.175um
 -16.380um -0.280um -15.360um -0.080um
 -10.515um 0.810um -9.905um 1.420um
 -7.080um 1.250um -6.060um 1.450um
 -5.580um 0.995um -0.460um 1.195um
 -7.080um 0.740um -6.060um 0.940um
 -7.080um 0.230um -6.060um 0.430um
 -5.580um -0.025um -0.460um 0.175um
 -7.080um -0.280um -6.060um -0.080um
 -17.730um -1.045um -16.710um -0.845um
 -16.380um -1.810um -15.360um -1.610um
 -19.350um -2.065um -16.690um -1.865um
 -16.380um -2.320um -15.360um -2.120um
 -16.380um -2.830um -15.360um -2.630um
 -12.415um -1.250um -11.805um -0.640um
 -10.515um -1.250um -9.905um -0.640um
 -5.560um -1.045um -3.310um -0.845um
 -7.080um -1.810um -6.060um -1.610um
 -5.580um -2.065um -0.460um -1.865um
 -7.080um -2.320um -6.060um -2.120um
 -19.350um -3.085um -16.690um -2.885um
 -16.380um -3.340um -15.360um -3.140um
 -7.080um -2.830um -6.060um -2.630um
 -5.580um -3.085um -0.460um -2.885um
 -16.380um -3.850um -15.360um -3.650um
 -19.350um -4.105um -16.690um -3.905um
 -16.380um -4.360um -15.360um -4.160um
 -16.380um -4.870um -15.360um -4.670um
 -19.350um -5.125um -16.690um -4.925um
 -16.380um -5.380um -15.360um -5.180um
 -16.380um -5.890um -15.360um -5.690um
 -19.350um -6.145um -16.690um -5.945um
 -16.380um -6.400um -15.360um -6.200um
 -7.080um -3.340um -6.060um -3.140um
 -7.080um -3.850um -6.060um -3.650um
 -5.580um -4.105um -0.460um -3.905um
 -7.080um -4.360um -6.060um -4.160um
 -7.080um -4.870um -6.060um -4.670um
 -5.580um -5.125um -0.460um -4.925um
 -7.080um -5.380um -6.060um -5.180um
 -7.080um -5.890um -6.060um -5.690um
 -5.580um -6.145um -0.460um -5.945um
 -7.080um -6.400um -6.060um -6.200um
 1.130um -8.015um 2.150um 6.125um
 -6.575um -30.455um -5.145um -29.435um
 2.435um -30.455um 3.865um -29.435um
 -18.705um -36.150um -16.455um -35.130um
 -8.590um -38.620um -8.390um -36.780um
 -21.810um -8.015um -20.790um 6.125um
 -19.350um 4.055um -16.690um 4.255um
 -19.350um 3.035um -16.690um 3.235um
 -19.350um 2.015um -16.690um 2.215um
 -19.350um 0.995um -16.690um 1.195um
 -19.350um -0.025um -16.690um 0.175um
 -17.730um -1.045um -16.710um -0.845um
 -5.580um 4.055um -0.460um 4.255um
 -5.580um 3.035um -0.460um 3.235um
 -5.580um 2.015um -0.460um 2.215um
 -10.515um 0.810um -9.905um 1.420um
 -5.580um 0.995um -0.460um 1.195um
 -5.580um -0.025um -0.460um 0.175um
 -12.415um -1.250um -11.805um -0.640um
 -19.350um -2.065um -16.690um -1.865um
 -19.350um -3.085um -16.690um -2.885um
 -5.560um -1.045um -3.310um -0.845um
 -5.580um -2.065um -0.460um -1.865um
 -5.580um -3.085um -0.460um -2.885um
 -19.350um -4.105um -16.690um -3.905um
 -19.350um -5.125um -16.690um -4.925um
 -19.350um -6.145um -16.690um -5.945um
 -5.580um -4.105um -0.460um -3.905um
 -5.580um -5.125um -0.460um -4.925um
 -5.580um -6.145um -0.460um -5.945um
 1.130um -8.015um 2.150um 6.125um
 -6.575um -30.455um -5.145um -29.435um
 2.435um -30.455um 3.865um -29.435um
 -18.705um -40.235um -16.455um -39.215um
 -21.810um -8.015um -20.790um 6.125um
 1.130um -8.015um 2.150um 6.125um
 -6.575um -30.455um -5.145um -29.435um
 2.435um -30.455um 3.865um -29.435um
 9.410um -38.620um 9.610um -36.780um
 -18.705um -40.235um -16.455um -39.215um
 1.330um -7.975um 1.950um 6.085um
 -6.575um -30.255um -5.145um -29.635um
----------------------------------------
Metal5 > 10.0um with runlength > 10.0um spacing to unrelated m5 < 0.6um (M5.f)
----------------------------------------
 -34.900um -24.720um -23.700um -24.125um
 -23.180um -24.720um -11.980um -24.125um
 -11.460um -24.720um -0.260um -24.125um
 -34.900um -24.120um -23.700um -23.525um
----------------------------------------
Metal5 spacing < 0.21um (M5.b)
----------------------------------------
 -43.180um -24.330um -35.210um -24.125um
 -35.420um -24.330um -35.210um -24.125um
 -35.110um -24.330um -34.900um -24.125um
 -35.110um -24.330um -23.490um -24.125um
 -23.700um -24.330um -23.490um -24.125um
 -23.390um -24.330um -23.180um -24.125um
 -23.390um -24.330um -11.770um -24.125um
 -11.980um -24.330um -11.770um -24.125um
 -11.670um -24.330um -11.460um -24.125um
 -11.670um -24.330um -0.050um -24.125um
 -0.260um -24.330um -0.050um -24.125um
 -43.390um -24.120um -35.420um -23.915um
 -34.900um -24.120um -23.700um -23.915um
 -23.180um -24.120um -11.980um -23.915um
 -11.460um -24.120um -0.260um -23.915um
 -43.390um -24.120um -43.180um -23.915um
----------------------------------------
Metal5 overlap of via4 < 0.045um in one direction (M5.c1 - V4.c)
----------------------------------------
 -21.855um -1.200um -21.810um -0.680um
 1.085um 6.085um 1.130um 6.125um
 -20.790um -1.200um -20.745um -0.680um
 1.085um -7.975um 1.130um -1.200um
 1.085um -1.200um 1.130um -0.680um
 1.085um -0.680um 1.130um 6.085um
 2.150um -0.185um 2.195um 6.085um
 2.150um 6.085um 2.195um 6.125um
 2.150um -0.685um 2.195um -0.185um
 2.150um -1.205um 2.195um -0.685um
 2.150um -1.705um 2.195um -1.205um
 1.085um -8.015um 1.130um -7.975um
 2.150um -8.015um 2.195um -7.975um
 2.150um -7.975um 2.195um -1.705um
 -6.575um -29.435um -5.145um -29.390um
 2.435um -29.435um 3.865um -29.390um
 -6.575um -30.500um -5.145um -30.455um
 2.435um -30.500um 3.865um -30.455um
----------------------------------------
Metal5 > 0.39um with runlength > 1.0um spacing to unrelated m5 < 0.24um (M5.e)
----------------------------------------
 -43.180um -24.360um -35.420um -24.125um
 -34.900um -24.360um -23.700um -24.125um
 -23.180um -24.360um -11.980um -24.125um
 -11.460um -24.360um -0.260um -24.125um
 -43.180um -24.120um -35.420um -23.885um
 -34.900um -24.120um -23.700um -23.885um
 -23.180um -24.120um -11.980um -23.885um
 -11.460um -24.120um -0.260um -23.885um
----------------------------------------
Via4 cannot contact MiM cap bottom plate (MIM.i)
----------------------------------------
 -22.580um 6.125um -22.560um 6.935um
 -20.790um -0.080um -19.980um -0.060um
 -20.790um -1.820um -19.980um -1.800um
 -21.810um -0.060um -21.750um 6.125um
 -21.810um -0.060um -20.790um 0.750um
 -21.810um -0.080um -20.790um -0.075um
 -21.810um -1.800um -20.790um -0.990um
 -21.810um -1.820um -20.790um -1.815um
 -21.810um -8.015um -21.750um -1.820um
----------------------------------------
Metal4 overlap of via3 < 0.045um in one direction (M4.c1 - V3.c)
----------------------------------------
 -19.350um 4.255um -16.690um 4.300um
 -5.580um 4.255um -0.460um 4.300um
 -18.020um -0.070um -16.690um -0.025um
 -5.580um -0.070um -3.025um -0.025um
 -12.415um -0.640um -11.805um -0.595um
 -17.730um -0.845um -17.220um -0.800um
 -17.730um -1.090um -17.220um -1.045um
 -12.415um -1.295um -11.805um -1.250um
 -4.435um -0.845um -3.310um -0.800um
 -4.435um -1.090um -3.310um -1.045um
 -18.020um -1.865um -16.690um -1.820um
 -5.580um -1.865um -3.025um -1.820um
 -18.020um -2.110um -16.690um -2.065um
 -5.580um -2.110um -3.025um -2.065um
 -18.020um -2.885um -16.690um -2.840um
 -5.580um -2.885um -3.025um -2.840um
 -18.020um -3.130um -16.690um -3.085um
 -5.580um -3.130um -3.025um -3.085um
 -18.020um -3.905um -16.690um -3.860um
 -5.580um -3.905um -3.025um -3.860um
 -18.020um -4.150um -16.690um -4.105um
 -5.580um -4.150um -3.025um -4.105um
 -18.020um -4.925um -16.690um -4.880um
 -5.580um -4.925um -3.025um -4.880um
 -18.020um -5.170um -16.690um -5.125um
 -5.580um -5.170um -3.025um -5.125um
 -18.020um -5.945um -16.690um -5.900um
 -5.580um -5.945um -3.025um -5.900um
 -19.350um -6.190um -16.690um -6.145um
 -5.580um -6.190um -0.460um -6.145um
----------------------------------------
Metal1 overlap of N-diffusion contact < 0.05um in one direction (M1.c1)
----------------------------------------
 -19.200um -0.840um -19.040um -0.815um
 -19.200um -0.865um -19.040um -0.840um
 -18.830um -0.840um -18.670um -0.815um
 -18.830um -0.865um -18.670um -0.840um
 -18.465um -0.840um -18.305um -0.815um
 -18.465um -0.865um -18.305um -0.840um
 -18.100um -0.840um -17.940um -0.815um
 -18.100um -0.865um -17.940um -0.840um
 -19.200um -1.050um -19.040um -1.025um
 -19.200um -1.075um -19.040um -1.050um
 -18.830um -1.050um -18.670um -1.025um
 -18.830um -1.075um -18.670um -1.050um
 -18.465um -1.050um -18.305um -1.025um
 -18.465um -1.075um -18.305um -1.050um
 -18.100um -1.050um -17.940um -1.025um
 -18.100um -1.075um -17.940um -1.050um
----------------------------------------
MiM cap spacing to unrelated metal6 < 0.6um (MIM.e)
----------------------------------------
 -57.740um 45.060um -47.740um 45.080um
 -57.740um 35.100um -57.720um 45.060um
 -47.760um 35.100um -47.740um 45.060um
 -57.740um 35.080um -47.740um 35.100um
 -46.020um 45.060um -36.020um 45.080um
 -46.020um 35.100um -46.000um 45.060um
 -36.040um 35.100um -36.020um 45.060um
 -46.020um 35.080um -36.020um 35.100um
 -34.300um 45.060um -24.300um 45.080um
 -34.300um 35.100um -34.280um 45.060um
 -24.320um 35.100um -24.300um 45.060um
 -34.300um 35.080um -24.300um 35.100um
 -22.580um 45.060um -12.580um 45.080um
 -22.580um 35.100um -22.560um 45.060um
 -12.600um 35.100um -12.580um 45.060um
 -22.580um 35.080um -12.580um 35.100um
 -10.860um 45.060um -0.860um 45.080um
 -10.860um 35.100um -10.840um 45.060um
 -0.880um 35.100um -0.860um 45.060um
 -10.860um 35.080um -0.860um 35.100um
 0.860um 45.055um 10.860um 45.075um
 0.860um 35.095um 0.880um 45.055um
 10.840um 35.095um 10.860um 45.055um
 0.860um 35.075um 10.860um 35.095um
 12.580um 45.055um 22.580um 45.075um
 12.580um 35.095um 12.600um 45.055um
 22.560um 35.095um 22.580um 45.055um
 12.580um 35.075um 22.580um 35.095um
 24.300um 45.055um 34.300um 45.075um
 24.300um 35.095um 24.320um 45.055um
 34.280um 35.095um 34.300um 45.055um
 24.300um 35.075um 34.300um 35.095um
 36.020um 45.055um 46.020um 45.075um
 36.020um 35.095um 36.040um 45.055um
 46.000um 35.095um 46.020um 45.055um
 36.020um 35.075um 46.020um 35.095um
 47.740um 45.055um 57.740um 45.075um
 47.740um 35.095um 47.760um 45.055um
 57.720um 35.095um 57.740um 45.055um
 47.740um 35.075um 57.740um 35.095um
 -57.740um 33.340um -47.740um 33.360um
 -57.740um 23.380um -57.720um 33.340um
 -47.760um 23.380um -47.740um 33.340um
 -57.740um 23.360um -47.740um 23.380um
 -46.020um 33.340um -36.020um 33.360um
 -46.020um 23.380um -46.000um 33.340um
 -36.040um 23.380um -36.020um 33.340um
 -46.020um 23.360um -36.020um 23.380um
 -34.300um 33.340um -24.300um 33.360um
 -34.300um 23.380um -34.280um 33.340um
 -24.320um 23.380um -24.300um 33.340um
 -34.300um 23.360um -24.300um 23.380um
 -22.580um 33.340um -12.580um 33.360um
 -22.580um 23.380um -22.560um 33.340um
 -12.600um 23.380um -12.580um 33.340um
 -22.580um 23.360um -12.580um 23.380um
 -10.860um 33.340um -0.860um 33.360um
 -10.860um 23.380um -10.840um 33.340um
 -0.880um 23.380um -0.860um 33.340um
 -10.860um 23.360um -0.860um 23.380um
 0.860um 33.335um 10.860um 33.355um
 0.860um 23.375um 0.880um 33.335um
 10.840um 23.375um 10.860um 33.335um
 0.860um 23.355um 10.860um 23.375um
 12.580um 33.335um 22.580um 33.355um
 12.580um 23.375um 12.600um 33.335um
 22.560um 23.375um 22.580um 33.335um
 12.580um 23.355um 22.580um 23.375um
 24.300um 33.335um 34.300um 33.355um
 24.300um 23.375um 24.320um 33.335um
 34.280um 23.375um 34.300um 33.335um
 24.300um 23.355um 34.300um 23.375um
 36.020um 33.335um 46.020um 33.355um
 36.020um 23.375um 36.040um 33.335um
 46.000um 23.375um 46.020um 33.335um
 36.020um 23.355um 46.020um 23.375um
 47.740um 33.335um 57.740um 33.355um
 47.740um 23.375um 47.760um 33.335um
 57.720um 23.375um 57.740um 33.335um
 47.740um 23.355um 57.740um 23.375um
 -57.740um 21.620um -47.740um 21.640um
 -57.740um 11.660um -57.720um 21.620um
 -47.760um 11.660um -47.740um 21.620um
 -57.740um 11.640um -47.740um 11.660um
 -46.020um 21.620um -36.020um 21.640um
 -46.020um 11.660um -46.000um 21.620um
 -36.040um 11.660um -36.020um 21.620um
 -46.020um 11.640um -36.020um 11.660um
 -34.300um 21.620um -24.300um 21.640um
 -34.300um 11.660um -34.280um 21.620um
 -24.320um 11.660um -24.300um 21.620um
 -34.300um 11.640um -24.300um 11.660um
 -22.580um 21.620um -12.580um 21.640um
 -22.580um 11.660um -22.560um 21.620um
 -12.600um 11.660um -12.580um 21.620um
 -22.580um 11.640um -12.580um 11.660um
 -10.860um 21.620um -0.860um 21.640um
 -10.860um 11.660um -10.840um 21.620um
 -0.880um 11.660um -0.860um 21.620um
 -10.860um 11.640um -0.860um 11.660um
 0.860um 21.615um 10.860um 21.635um
 0.860um 11.655um 0.880um 21.615um
 10.840um 11.655um 10.860um 21.615um
 0.860um 11.635um 10.860um 11.655um
 12.580um 21.615um 22.580um 21.635um
 12.580um 11.655um 12.600um 21.615um
 22.560um 11.655um 22.580um 21.615um
 12.580um 11.635um 22.580um 11.655um
 24.300um 21.615um 34.300um 21.635um
 24.300um 11.655um 24.320um 21.615um
 34.280um 11.655um 34.300um 21.615um
 24.300um 11.635um 34.300um 11.655um
 36.020um 21.615um 46.020um 21.635um
 36.020um 11.655um 36.040um 21.615um
 46.000um 11.655um 46.020um 21.615um
 36.020um 11.635um 46.020um 11.655um
 47.740um 21.615um 57.740um 21.635um
 47.740um 11.655um 47.760um 21.615um
 57.720um 11.655um 57.740um 21.615um
 47.740um 11.635um 57.740um 11.655um
 -57.740um 9.900um -47.740um 9.920um
 -57.740um -0.060um -57.720um 9.900um
 -47.760um -0.060um -47.740um 9.900um
 -57.740um -0.080um -47.740um -0.060um
 -46.020um 9.900um -36.020um 9.920um
 -46.020um -0.060um -46.000um 9.900um
 -36.040um -0.060um -36.020um 9.900um
 -46.020um -0.080um -36.020um -0.060um
 -34.300um 9.900um -24.300um 9.920um
 -34.300um -0.060um -34.280um 9.900um
 -24.320um -0.060um -24.300um 9.900um
 -34.300um -0.080um -24.300um -0.060um
 -22.580um 9.900um -12.580um 9.920um
 -22.580um -0.060um -22.560um 9.900um
 -12.600um -0.060um -12.580um 9.900um
 -22.580um -0.080um -12.580um -0.060um
 -10.860um 9.900um -0.860um 9.920um
 -10.860um -0.060um -10.840um 9.900um
 -0.880um -0.060um -0.860um 9.900um
 12.580um 9.895um 22.580um 9.915um
 4.060um 9.265um 10.860um 9.415um
 4.060um 0.565um 4.370um 9.265um
 10.550um 0.565um 10.860um 9.265um
 4.060um 0.415um 10.860um 0.565um
 -10.860um -0.080um -0.860um -0.060um
 12.580um -0.065um 12.600um 9.895um
 22.560um -0.065um 22.580um 9.895um
 12.580um -0.085um 22.580um -0.065um
 24.300um 9.895um 34.300um 9.915um
 24.300um -0.065um 24.320um 9.895um
 34.280um -0.065um 34.300um 9.895um
 24.300um -0.085um 34.300um -0.065um
 36.020um 9.895um 46.020um 9.915um
 36.020um -0.065um 36.040um 9.895um
 46.000um -0.065um 46.020um 9.895um
 36.020um -0.085um 46.020um -0.065um
 47.740um 9.895um 57.740um 9.915um
 47.740um -0.065um 47.760um 9.895um
 57.720um -0.065um 57.740um 9.895um
 47.740um -0.085um 57.740um -0.065um
 -57.740um -1.820um -47.740um -1.800um
 -57.740um -11.780um -57.720um -1.820um
 -47.760um -11.780um -47.740um -1.820um
 -57.740um -11.800um -47.740um -11.780um
 -46.020um -1.820um -36.020um -1.800um
 -46.020um -11.780um -46.000um -1.820um
 -36.040um -11.780um -36.020um -1.820um
 -46.020um -11.800um -36.020um -11.780um
 -34.300um -1.820um -24.300um -1.800um
 -34.300um -11.780um -34.280um -1.820um
 -24.320um -11.780um -24.300um -1.820um
 -34.300um -11.800um -24.300um -11.780um
 -22.580um -1.820um -12.580um -1.800um
 -22.580um -11.780um -22.560um -1.820um
 -12.600um -11.780um -12.580um -1.820um
 -22.580um -11.800um -12.580um -11.780um
 -10.860um -1.820um -0.860um -1.800um
 -10.860um -11.780um -10.840um -1.820um
 -0.880um -11.780um -0.860um -1.820um
 12.580um -1.825um 22.580um -1.805um
 4.060um -2.455um 10.860um -2.305um
 4.060um -11.155um 4.370um -2.455um
 10.550um -11.155um 10.860um -2.455um
 4.060um -11.305um 10.860um -11.155um
 -10.860um -11.800um -0.860um -11.780um
 12.580um -11.785um 12.600um -1.825um
 22.560um -11.785um 22.580um -1.825um
 12.580um -11.805um 22.580um -11.785um
 24.300um -1.825um 34.300um -1.805um
 24.300um -11.785um 24.320um -1.825um
 34.280um -11.785um 34.300um -1.825um
 24.300um -11.805um 34.300um -11.785um
 36.020um -1.825um 46.020um -1.805um
 36.020um -11.785um 36.040um -1.825um
 46.000um -11.785um 46.020um -1.825um
 36.020um -11.805um 46.020um -11.785um
 47.740um -1.825um 57.740um -1.805um
 47.740um -11.785um 47.760um -1.825um
 57.720um -11.785um 57.740um -1.825um
 47.740um -11.805um 57.740um -11.785um
 -57.740um -13.540um -47.740um -13.520um
 -57.740um -23.500um -57.720um -13.540um
 -47.760um -23.500um -47.740um -13.540um
 -57.740um -23.520um -47.740um -23.500um
 -46.020um -13.540um -36.020um -13.520um
 -46.020um -23.500um -46.000um -13.540um
 -36.040um -23.500um -36.020um -13.540um
 -46.020um -23.520um -36.020um -23.500um
 -34.300um -13.540um -24.300um -13.520um
 -34.300um -23.500um -34.280um -13.540um
 -24.320um -23.500um -24.300um -13.540um
 -34.300um -23.520um -24.300um -23.500um
 -22.580um -13.540um -12.580um -13.520um
 -22.580um -23.500um -22.560um -13.540um
 -12.600um -23.500um -12.580um -13.540um
 -22.580um -23.520um -12.580um -23.500um
 -10.860um -13.540um -0.860um -13.520um
 -10.860um -23.500um -10.840um -13.540um
 -0.880um -23.500um -0.860um -13.540um
 -10.860um -23.520um -0.860um -23.500um
 0.860um -13.545um 10.860um -13.525um
 0.860um -23.505um 0.880um -13.545um
 10.840um -23.505um 10.860um -13.545um
 0.860um -23.525um 10.860um -23.505um
 12.580um -13.545um 22.580um -13.525um
 12.580um -23.505um 12.600um -13.545um
 22.560um -23.505um 22.580um -13.545um
 12.580um -23.525um 22.580um -23.505um
 24.300um -13.545um 34.300um -13.525um
 24.300um -23.505um 24.320um -13.545um
 34.280um -23.505um 34.300um -13.545um
 24.300um -23.525um 34.300um -23.505um
 36.020um -13.545um 46.020um -13.525um
 36.020um -23.505um 36.040um -13.545um
 46.000um -23.505um 46.020um -13.545um
 36.020um -23.525um 46.020um -23.505um
 47.740um -13.545um 57.740um -13.525um
 47.740um -23.505um 47.760um -13.545um
 57.720um -23.505um 57.740um -13.545um
 47.740um -23.525um 57.740um -23.505um
 -22.580um -34.745um -12.580um -34.725um
 -22.580um -44.705um -22.560um -34.745um
 -12.600um -44.705um -12.580um -34.745um
 -22.580um -44.725um -12.580um -44.705um
----------------------------------------
Metal2 overlap of Via1 < 0.045um in one direction (M2.c1 - M2.c)
----------------------------------------
 -7.080um 7.585um -6.060um 7.630um
 -16.380um 7.275um -15.360um 7.320um
 -18.020um 5.305um -16.690um 5.320um
 -18.020um 5.275um -16.690um 5.305um
 -18.020um 5.045um -16.690um 5.075um
 -18.020um 5.030um -16.690um 5.045um
 -16.380um 4.795um -15.360um 4.820um
 -16.380um 4.775um -15.360um 4.795um
 -5.580um 5.305um -3.020um 5.320um
 -5.580um 5.275um -3.020um 5.305um
 -5.580um 5.045um -3.020um 5.075um
 -5.580um 5.030um -3.020um 5.045um
 -7.080um 4.795um -6.060um 4.820um
 -7.080um 4.775um -6.060um 4.795um
 -18.020um 4.795um -16.690um 4.810um
 -18.020um 4.765um -16.690um 4.795um
 -5.580um 4.795um -3.020um 4.810um
 -5.580um 4.765um -3.020um 4.795um
 -18.020um 4.535um -16.690um 4.565um
 -18.020um 4.520um -16.690um 4.535um
 -5.580um 4.535um -3.020um 4.565um
 -5.580um 4.520um -3.020um 4.535um
 -18.020um 3.775um -16.690um 3.790um
 -18.020um 3.745um -16.690um 3.775um
 -5.580um 3.775um -3.020um 3.790um
 -5.580um 3.745um -3.020um 3.775um
 -18.020um 3.515um -16.690um 3.545um
 -18.020um 3.500um -16.690um 3.515um
 -5.580um 3.515um -3.020um 3.545um
 -5.580um 3.500um -3.020um 3.515um
 -18.020um 2.755um -16.690um 2.770um
 -18.020um 2.725um -16.690um 2.755um
 -5.580um 2.755um -3.020um 2.770um
 -5.580um 2.725um -3.020um 2.755um
 -18.020um 2.495um -16.690um 2.525um
 -18.020um 2.480um -16.690um 2.495um
 -5.580um 2.495um -3.020um 2.525um
 -5.580um 2.480um -3.020um 2.495um
 -18.020um 1.735um -16.690um 1.750um
 -18.020um 1.705um -16.690um 1.735um
 -5.580um 1.735um -3.020um 1.750um
 -5.580um 1.705um -3.020um 1.735um
 -18.020um 1.475um -16.690um 1.505um
 -18.020um 1.460um -16.690um 1.475um
 -5.580um 1.475um -3.020um 1.505um
 -5.580um 1.460um -3.020um 1.475um
 -12.415um 1.450um -11.805um 1.465um
 -12.415um 1.420um -11.805um 1.450um
 -18.020um 0.715um -16.690um 0.730um
 -18.020um 0.685um -16.690um 0.715um
 -18.020um 0.455um -16.690um 0.485um
 -18.020um 0.440um -16.690um 0.455um
 -18.020um -0.305um -16.690um -0.290um
 -18.020um -0.335um -16.690um -0.305um
 -18.020um -0.565um -16.690um -0.535um
 -18.020um -0.580um -16.690um -0.565um
 -16.380um -0.565um -15.360um -0.545um
 -16.380um -0.590um -15.360um -0.565um
 -16.380um -0.835um -16.170um -0.790um
 -12.415um 0.765um -11.805um 0.810um
 -5.580um 0.715um -3.020um 0.730um
 -5.580um 0.685um -3.020um 0.715um
 -5.580um 0.455um -3.020um 0.485um
 -5.580um 0.440um -3.020um 0.455um
 -5.580um -0.305um -3.020um -0.290um
 -5.580um -0.335um -3.020um -0.305um
 -5.580um -0.565um -3.020um -0.535um
 -5.580um -0.580um -3.020um -0.565um
 -7.080um -0.565um -6.060um -0.545um
 -7.080um -0.590um -6.060um -0.565um
 -16.380um -1.100um -16.170um -1.055um
 -16.380um -1.325um -15.360um -1.300um
 -16.380um -1.345um -15.360um -1.325um
 -18.020um -1.325um -16.690um -1.310um
 -18.020um -1.355um -16.690um -1.325um
 -18.020um -1.585um -16.690um -1.555um
 -18.020um -1.600um -16.690um -1.585um
 -18.020um -2.345um -16.690um -2.330um
 -18.020um -2.375um -16.690um -2.345um
 -18.020um -2.605um -16.690um -2.575um
 -18.020um -2.620um -16.690um -2.605um
 -6.270um -0.835um -6.060um -0.790um
 -6.270um -1.100um -6.060um -1.055um
 -7.080um -1.325um -6.060um -1.300um
 -7.080um -1.345um -6.060um -1.325um
 -5.580um -1.325um -3.020um -1.310um
 -5.580um -1.355um -3.020um -1.325um
 -5.580um -1.585um -3.020um -1.555um
 -5.580um -1.600um -3.020um -1.585um
 -5.580um -2.345um -3.020um -2.330um
 -5.580um -2.375um -3.020um -2.345um
 -5.580um -2.605um -3.020um -2.575um
 -5.580um -2.620um -3.020um -2.605um
 -18.020um -3.365um -16.690um -3.350um
 -18.020um -3.395um -16.690um -3.365um
 -18.020um -3.625um -16.690um -3.595um
 -18.020um -3.640um -16.690um -3.625um
 -18.020um -4.385um -16.690um -4.370um
 -18.020um -4.415um -16.690um -4.385um
 -18.020um -4.645um -16.690um -4.615um
 -18.020um -4.660um -16.690um -4.645um
 -18.020um -5.405um -16.690um -5.390um
 -18.020um -5.435um -16.690um -5.405um
 -18.020um -5.665um -16.690um -5.635um
 -18.020um -5.680um -16.690um -5.665um
 -18.020um -6.425um -16.690um -6.410um
 -18.020um -6.455um -16.690um -6.425um
 -18.020um -6.685um -16.690um -6.655um
 -18.020um -6.700um -16.690um -6.685um
 -16.380um -6.685um -15.360um -6.665um
 -16.380um -6.710um -15.360um -6.685um
 -18.020um -6.935um -16.690um -6.920um
 -18.020um -6.965um -16.690um -6.935um
 -18.020um -7.195um -16.690um -7.165um
 -18.020um -7.210um -16.690um -7.195um
 -16.380um -9.210um -15.360um -9.165um
 -12.365um -35.130um -11.490um -35.085um
 -5.580um -3.365um -3.020um -3.350um
 -5.580um -3.395um -3.020um -3.365um
 -5.580um -3.625um -3.020um -3.595um
 -5.580um -3.640um -3.020um -3.625um
 -5.580um -4.385um -3.020um -4.370um
 -5.580um -4.415um -3.020um -4.385um
 -5.580um -4.645um -3.020um -4.615um
 -5.580um -4.660um -3.020um -4.645um
 -5.580um -5.405um -3.020um -5.390um
 -5.580um -5.435um -3.020um -5.405um
 -5.580um -5.665um -3.020um -5.635um
 -5.580um -5.680um -3.020um -5.665um
 -5.580um -6.425um -3.020um -6.410um
 -5.580um -6.455um -3.020um -6.425um
 -5.580um -6.685um -3.020um -6.655um
 -5.580um -6.700um -3.020um -6.685um
 -7.080um -6.685um -6.060um -6.665um
 -7.080um -6.710um -6.060um -6.685um
 -5.580um -6.935um -3.020um -6.920um
 -5.580um -6.965um -3.020um -6.935um
 -5.580um -7.195um -3.020um -7.165um
 -5.580um -7.210um -3.020um -7.195um
 -7.080um -9.520um -6.060um -9.475um
 -10.990um -35.130um -10.115um -35.085um
 -12.365um -36.195um -10.115um -36.150um
 -17.930um -37.195um -17.885um -36.995um
 -17.930um -37.620um -17.885um -37.420um
 -17.930um -38.045um -17.885um -37.845um
 -17.275um -38.045um -17.230um -37.845um
 -17.275um -37.620um -17.230um -37.420um
 -17.275um -37.195um -17.230um -36.995um
 -11.590um -37.195um -11.545um -36.995um
 -11.590um -37.620um -11.545um -37.420um
 -11.590um -38.045um -11.545um -37.845um
 -10.935um -38.045um -10.890um -37.845um
 -10.935um -37.620um -10.890um -37.420um
 -10.935um -37.195um -10.890um -36.995um
 -18.705um -41.780um -16.455um -41.735um
 -12.365um -41.780um -10.115um -41.735um
----------------------------------------
Metal3 overlap of via2 < 0.045um in one direction (M3.c1 - V2.c)
----------------------------------------
 -16.380um 4.510um -15.360um 4.555um
 -7.080um 4.510um -6.060um 4.555um
 -10.515um -0.640um -9.905um -0.595um
 -10.515um -1.295um -10.510um -1.250um
 -9.910um -1.295um -9.905um -1.250um
 -16.380um -6.445um -15.360um -6.400um
 -7.080um -6.445um -6.060um -6.400um
 -18.705um -35.130um -17.880um -35.085um
 -17.280um -35.130um -16.455um -35.085um
 -18.705um -36.195um -16.455um -36.150um
 -8.635um -38.620um -8.590um -36.780um
----------------------------------------
[INFO] COUNT: 2274
[INFO] Should be divided by 3 or 4

